This is pdfTeX, Version 3.141592653-2.6-1.40.24 (TeX Live 2022) (preloaded format=pdflatex 2023.3.16)  20 SEP 2023 13:44
entering extended mode
 restricted \write18 enabled.
 %&-line parsing enabled.
**IXN_eda.tex
(./IXN_eda.tex
LaTeX2e <2022-11-01> patch level 1
L3 programming layer <2023-02-22> (/Users/amyraefox/Library/TinyTeX/texmf-dist/tex/latex/base/article.cls
Document Class: article 2022/07/02 v1.4n Standard LaTeX document class
(/Users/amyraefox/Library/TinyTeX/texmf-dist/tex/latex/base/size10.clo
File: size10.clo 2022/07/02 v1.4n Standard LaTeX file (size option)
)
\c@part=\count185
\c@section=\count186
\c@subsection=\count187
\c@subsubsection=\count188
\c@paragraph=\count189
\c@subparagraph=\count190
\c@figure=\count191
\c@table=\count192
\abovecaptionskip=\skip48
\belowcaptionskip=\skip49
\bibindent=\dimen140
) (/Users/amyraefox/Library/TinyTeX/texmf-dist/tex/latex/amsmath/amsmath.sty
Package: amsmath 2022/04/08 v2.17n AMS math features
\@mathmargin=\skip50
For additional information on amsmath, use the `?' option.
(/Users/amyraefox/Library/TinyTeX/texmf-dist/tex/latex/amsmath/amstext.sty
Package: amstext 2021/08/26 v2.01 AMS text
(/Users/amyraefox/Library/TinyTeX/texmf-dist/tex/latex/amsmath/amsgen.sty
File: amsgen.sty 1999/11/30 v2.0 generic functions
\@emptytoks=\toks16
\ex@=\dimen141
)) (/Users/amyraefox/Library/TinyTeX/texmf-dist/tex/latex/amsmath/amsbsy.sty
Package: amsbsy 1999/11/29 v1.2d Bold Symbols
\pmbraise@=\dimen142
) (/Users/amyraefox/Library/TinyTeX/texmf-dist/tex/latex/amsmath/amsopn.sty
Package: amsopn 2022/04/08 v2.04 operator names
)
\inf@bad=\count193
LaTeX Info: Redefining \frac on input line 234.
\uproot@=\count194
\leftroot@=\count195
LaTeX Info: Redefining \overline on input line 399.
LaTeX Info: Redefining \colon on input line 410.
\classnum@=\count196
\DOTSCASE@=\count197
LaTeX Info: Redefining \ldots on input line 496.
LaTeX Info: Redefining \dots on input line 499.
LaTeX Info: Redefining \cdots on input line 620.
\Mathstrutbox@=\box51
\strutbox@=\box52
LaTeX Info: Redefining \big on input line 722.
LaTeX Info: Redefining \Big on input line 723.
LaTeX Info: Redefining \bigg on input line 724.
LaTeX Info: Redefining \Bigg on input line 725.
\big@size=\dimen143
LaTeX Font Info:    Redeclaring font encoding OML on input line 743.
LaTeX Font Info:    Redeclaring font encoding OMS on input line 744.
\macc@depth=\count198
LaTeX Info: Redefining \bmod on input line 905.
LaTeX Info: Redefining \pmod on input line 910.
LaTeX Info: Redefining \smash on input line 940.
LaTeX Info: Redefining \relbar on input line 970.
LaTeX Info: Redefining \Relbar on input line 971.
\c@MaxMatrixCols=\count199
\dotsspace@=\muskip16
\c@parentequation=\count266
\dspbrk@lvl=\count267
\tag@help=\toks17
\row@=\count268
\column@=\count269
\maxfields@=\count270
\andhelp@=\toks18
\eqnshift@=\dimen144
\alignsep@=\dimen145
\tagshift@=\dimen146
\tagwidth@=\dimen147
\totwidth@=\dimen148
\lineht@=\dimen149
\@envbody=\toks19
\multlinegap=\skip51
\multlinetaggap=\skip52
\mathdisplay@stack=\toks20
LaTeX Info: Redefining \[ on input line 2953.
LaTeX Info: Redefining \] on input line 2954.
) (/Users/amyraefox/Library/TinyTeX/texmf-dist/tex/latex/amsfonts/amssymb.sty
Package: amssymb 2013/01/14 v3.01 AMS font symbols
(/Users/amyraefox/Library/TinyTeX/texmf-dist/tex/latex/amsfonts/amsfonts.sty
Package: amsfonts 2013/01/14 v3.01 Basic AMSFonts support
\symAMSa=\mathgroup4
\symAMSb=\mathgroup5
LaTeX Font Info:    Redeclaring math symbol \hbar on input line 98.
LaTeX Font Info:    Overwriting math alphabet `\mathfrak' in version `bold'
(Font)                  U/euf/m/n --> U/euf/b/n on input line 106.
)) (/Users/amyraefox/Library/TinyTeX/texmf-dist/tex/latex/lm/lmodern.sty
Package: lmodern 2015/05/01 v1.6.1 Latin Modern Fonts
LaTeX Font Info:    Overwriting symbol font `operators' in version `normal'
(Font)                  OT1/cmr/m/n --> OT1/lmr/m/n on input line 22.
LaTeX Font Info:    Overwriting symbol font `letters' in version `normal'
(Font)                  OML/cmm/m/it --> OML/lmm/m/it on input line 23.
LaTeX Font Info:    Overwriting symbol font `symbols' in version `normal'
(Font)                  OMS/cmsy/m/n --> OMS/lmsy/m/n on input line 24.
LaTeX Font Info:    Overwriting symbol font `largesymbols' in version `normal'
(Font)                  OMX/cmex/m/n --> OMX/lmex/m/n on input line 25.
LaTeX Font Info:    Overwriting symbol font `operators' in version `bold'
(Font)                  OT1/cmr/bx/n --> OT1/lmr/bx/n on input line 26.
LaTeX Font Info:    Overwriting symbol font `letters' in version `bold'
(Font)                  OML/cmm/b/it --> OML/lmm/b/it on input line 27.
LaTeX Font Info:    Overwriting symbol font `symbols' in version `bold'
(Font)                  OMS/cmsy/b/n --> OMS/lmsy/b/n on input line 28.
LaTeX Font Info:    Overwriting symbol font `largesymbols' in version `bold'
(Font)                  OMX/cmex/m/n --> OMX/lmex/m/n on input line 29.
LaTeX Font Info:    Overwriting math alphabet `\mathbf' in version `normal'
(Font)                  OT1/cmr/bx/n --> OT1/lmr/bx/n on input line 31.
LaTeX Font Info:    Overwriting math alphabet `\mathsf' in version `normal'
(Font)                  OT1/cmss/m/n --> OT1/lmss/m/n on input line 32.
LaTeX Font Info:    Overwriting math alphabet `\mathit' in version `normal'
(Font)                  OT1/cmr/m/it --> OT1/lmr/m/it on input line 33.
LaTeX Font Info:    Overwriting math alphabet `\mathtt' in version `normal'
(Font)                  OT1/cmtt/m/n --> OT1/lmtt/m/n on input line 34.
LaTeX Font Info:    Overwriting math alphabet `\mathbf' in version `bold'
(Font)                  OT1/cmr/bx/n --> OT1/lmr/bx/n on input line 35.
LaTeX Font Info:    Overwriting math alphabet `\mathsf' in version `bold'
(Font)                  OT1/cmss/bx/n --> OT1/lmss/bx/n on input line 36.
LaTeX Font Info:    Overwriting math alphabet `\mathit' in version `bold'
(Font)                  OT1/cmr/bx/it --> OT1/lmr/bx/it on input line 37.
LaTeX Font Info:    Overwriting math alphabet `\mathtt' in version `bold'
(Font)                  OT1/cmtt/m/n --> OT1/lmtt/m/n on input line 38.
) (/Users/amyraefox/Library/TinyTeX/texmf-dist/tex/generic/iftex/iftex.sty
Package: iftex 2022/02/03 v1.0f TeX engine tests
) (/Users/amyraefox/Library/TinyTeX/texmf-dist/tex/latex/base/fontenc.sty
Package: fontenc 2021/04/29 v2.0v Standard LaTeX package
LaTeX Font Info:    Trying to load font information for T1+lmr on input line 112.
(/Users/amyraefox/Library/TinyTeX/texmf-dist/tex/latex/lm/t1lmr.fd
File: t1lmr.fd 2015/05/01 v1.6.1 Font defs for Latin Modern
)) (/Users/amyraefox/Library/TinyTeX/texmf-dist/tex/latex/base/inputenc.sty
Package: inputenc 2021/02/14 v1.3d Input encoding file
\inpenc@prehook=\toks21
\inpenc@posthook=\toks22
) (/Users/amyraefox/Library/TinyTeX/texmf-dist/tex/latex/base/textcomp.sty
Package: textcomp 2020/02/02 v2.0n Standard LaTeX package
) (/Users/amyraefox/Library/TinyTeX/texmf-dist/tex/latex/xcolor/xcolor.sty
Package: xcolor 2022/06/12 v2.14 LaTeX color extensions (UK)
(/Users/amyraefox/Library/TinyTeX/texmf-dist/tex/latex/graphics-cfg/color.cfg
File: color.cfg 2016/01/02 v1.6 sample color configuration
)
Package xcolor Info: Driver file: pdftex.def on input line 227.
(/Users/amyraefox/Library/TinyTeX/texmf-dist/tex/latex/graphics-def/pdftex.def
File: pdftex.def 2022/09/22 v1.2b Graphics/color driver for pdftex
) (/Users/amyraefox/Library/TinyTeX/texmf-dist/tex/latex/graphics/mathcolor.ltx)
Package xcolor Info: Model `cmy' substituted by `cmy0' on input line 1353.
Package xcolor Info: Model `hsb' substituted by `rgb' on input line 1357.
Package xcolor Info: Model `RGB' extended on input line 1369.
Package xcolor Info: Model `HTML' substituted by `rgb' on input line 1371.
Package xcolor Info: Model `Hsb' substituted by `hsb' on input line 1372.
Package xcolor Info: Model `tHsb' substituted by `hsb' on input line 1373.
Package xcolor Info: Model `HSB' substituted by `hsb' on input line 1374.
Package xcolor Info: Model `Gray' substituted by `gray' on input line 1375.
Package xcolor Info: Model `wave' substituted by `hsb' on input line 1376.
) (/Users/amyraefox/Library/TinyTeX/texmf-dist/tex/latex/geometry/geometry.sty
Package: geometry 2020/01/02 v5.9 Page Geometry
(/Users/amyraefox/Library/TinyTeX/texmf-dist/tex/latex/graphics/keyval.sty
Package: keyval 2022/05/29 v1.15 key=value parser (DPC)
\KV@toks@=\toks23
) (/Users/amyraefox/Library/TinyTeX/texmf-dist/tex/generic/iftex/ifvtex.sty
Package: ifvtex 2019/10/25 v1.7 ifvtex legacy package. Use iftex instead.
)
\Gm@cnth=\count271
\Gm@cntv=\count272
\c@Gm@tempcnt=\count273
\Gm@bindingoffset=\dimen150
\Gm@wd@mp=\dimen151
\Gm@odd@mp=\dimen152
\Gm@even@mp=\dimen153
\Gm@layoutwidth=\dimen154
\Gm@layoutheight=\dimen155
\Gm@layouthoffset=\dimen156
\Gm@layoutvoffset=\dimen157
\Gm@dimlist=\toks24
) (/Users/amyraefox/Library/TinyTeX/texmf-dist/tex/latex/fancyvrb/fancyvrb.sty
Package: fancyvrb 2023/01/19 4.5a verbatim text (tvz,hv)
\FV@CodeLineNo=\count274
\FV@InFile=\read2
\FV@TabBox=\box53
\c@FancyVerbLine=\count275
\FV@StepNumber=\count276
\FV@OutFile=\write3
) (/Users/amyraefox/Library/TinyTeX/texmf-dist/tex/latex/framed/framed.sty
Package: framed 2011/10/22 v 0.96: framed or shaded text with page breaks
\OuterFrameSep=\skip53
\fb@frw=\dimen158
\fb@frh=\dimen159
\FrameRule=\dimen160
\FrameSep=\dimen161
) (/Users/amyraefox/Library/TinyTeX/texmf-dist/tex/latex/tools/longtable.sty
Package: longtable 2021-09-01 v4.17 Multi-page Table package (DPC)
\LTleft=\skip54
\LTright=\skip55
\LTpre=\skip56
\LTpost=\skip57
\LTchunksize=\count277
\LTcapwidth=\dimen162
\LT@head=\box54
\LT@firsthead=\box55
\LT@foot=\box56
\LT@lastfoot=\box57
\LT@gbox=\box58
\LT@cols=\count278
\LT@rows=\count279
\c@LT@tables=\count280
\c@LT@chunks=\count281
\LT@p@ftn=\toks25
) (/Users/amyraefox/Library/TinyTeX/texmf-dist/tex/latex/booktabs/booktabs.sty
Package: booktabs 2020/01/12 v1.61803398 Publication quality tables
\heavyrulewidth=\dimen163
\lightrulewidth=\dimen164
\cmidrulewidth=\dimen165
\belowrulesep=\dimen166
\belowbottomsep=\dimen167
\aboverulesep=\dimen168
\abovetopsep=\dimen169
\cmidrulesep=\dimen170
\cmidrulekern=\dimen171
\defaultaddspace=\dimen172
\@cmidla=\count282
\@cmidlb=\count283
\@aboverulesep=\dimen173
\@belowrulesep=\dimen174
\@thisruleclass=\count284
\@lastruleclass=\count285
\@thisrulewidth=\dimen175
) (/Users/amyraefox/Library/TinyTeX/texmf-dist/tex/latex/tools/array.sty
Package: array 2022/09/04 v2.5g Tabular extension package (FMi)
\col@sep=\dimen176
\ar@mcellbox=\box59
\extrarowheight=\dimen177
\NC@list=\toks26
\extratabsurround=\skip58
\backup@length=\skip59
\ar@cellbox=\box60
) (/Users/amyraefox/Library/TinyTeX/texmf-dist/tex/latex/tools/calc.sty
Package: calc 2017/05/25 v4.3 Infix arithmetic (KKT,FJ)
\calc@Acount=\count286
\calc@Bcount=\count287
\calc@Adimen=\dimen178
\calc@Bdimen=\dimen179
\calc@Askip=\skip60
\calc@Bskip=\skip61
LaTeX Info: Redefining \setlength on input line 80.
LaTeX Info: Redefining \addtolength on input line 81.
\calc@Ccount=\count288
\calc@Cskip=\skip62
) (/Users/amyraefox/Library/TinyTeX/texmf-dist/tex/latex/etoolbox/etoolbox.sty
Package: etoolbox 2020/10/05 v2.5k e-TeX tools for LaTeX (JAW)
\etb@tempcnta=\count289
) (/Users/amyraefox/Library/TinyTeX/texmf-dist/tex/latex/mdwtools/footnote.sty
Package: footnote 1997/01/28 1.13 Save footnotes around boxes
\fn@notes=\box61
\fn@width=\dimen180
) (/Users/amyraefox/Library/TinyTeX/texmf-dist/tex/latex/graphics/graphicx.sty
Package: graphicx 2021/09/16 v1.2d Enhanced LaTeX Graphics (DPC,SPQR)
(/Users/amyraefox/Library/TinyTeX/texmf-dist/tex/latex/graphics/graphics.sty
Package: graphics 2022/03/10 v1.4e Standard LaTeX Graphics (DPC,SPQR)
(/Users/amyraefox/Library/TinyTeX/texmf-dist/tex/latex/graphics/trig.sty
Package: trig 2021/08/11 v1.11 sin cos tan (DPC)
) (/Users/amyraefox/Library/TinyTeX/texmf-dist/tex/latex/graphics-cfg/graphics.cfg
File: graphics.cfg 2016/06/04 v1.11 sample graphics configuration
)
Package graphics Info: Driver file: pdftex.def on input line 107.
)
\Gin@req@height=\dimen181
\Gin@req@width=\dimen182
) (/Users/amyraefox/Library/TinyTeX/texmf-dist/tex/latex/multirow/multirow.sty
Package: multirow 2021/03/15 v2.8 Span multiple rows of a table
\multirow@colwidth=\skip63
\multirow@cntb=\count290
\multirow@dima=\skip64
\bigstrutjot=\dimen183
) (/Users/amyraefox/Library/TinyTeX/texmf-dist/tex/latex/wrapfig/wrapfig.sty
\wrapoverhang=\dimen184
\WF@size=\dimen185
\c@WF@wrappedlines=\count291
\WF@box=\box62
\WF@everypar=\toks27
Package: wrapfig 2003/01/31  v 3.6
) (/Users/amyraefox/Library/TinyTeX/texmf-dist/tex/latex/float/float.sty
Package: float 2001/11/08 v1.3d Float enhancements (AL)
\c@float@type=\count292
\float@exts=\toks28
\float@box=\box63
\@float@everytoks=\toks29
\@floatcapt=\box64
) (/Users/amyraefox/Library/TinyTeX/texmf-dist/tex/latex/colortbl/colortbl.sty
Package: colortbl 2022/06/20 v1.0f Color table columns (DPC)
\everycr=\toks30
\minrowclearance=\skip65
\rownum=\count293
) (/Users/amyraefox/Library/TinyTeX/texmf-dist/tex/latex/pdflscape/pdflscape.sty
Package: pdflscape 2022-10-27 v0.13 Display of landscape pages in PDF
(/Users/amyraefox/Library/TinyTeX/texmf-dist/tex/latex/pdflscape/pdflscape-nometadata.sty
Package: pdflscape-nometadata 2022-10-28 v0.13 Display of landscape pages in PDF (HO)
(/Users/amyraefox/Library/TinyTeX/texmf-dist/tex/latex/graphics/lscape.sty
Package: lscape 2020/05/28 v3.02 Landscape Pages (DPC)
)
Package pdflscape Info: Auto-detected driver: pdftex on input line 81.
)) (/Users/amyraefox/Library/TinyTeX/texmf-dist/tex/latex/tabu/tabu.sty
Package: tabu 2019/01/11 v2.9 - flexible LaTeX tabulars (FC+tabu-fixed)
(/Users/amyraefox/Library/TinyTeX/texmf-dist/tex/latex/varwidth/varwidth.sty
Package: varwidth 2009/03/30 ver 0.92;  Variable-width minipages
\@vwid@box=\box65
\sift@deathcycles=\count294
\@vwid@loff=\dimen186
\@vwid@roff=\dimen187
)
\c@taburow=\count295
\tabu@nbcols=\count296
\tabu@cnt=\count297
\tabu@Xcol=\count298
\tabu@alloc=\count299
\tabu@nested=\count300
\tabu@target=\dimen188
\tabu@spreadtarget=\dimen189
\tabu@naturalX=\dimen190
\tabucolX=\dimen191
\tabu@Xsum=\dimen192
\extrarowdepth=\dimen193
\abovetabulinesep=\dimen194
\belowtabulinesep=\dimen195
\tabustrutrule=\dimen196
\tabu@thebody=\toks31
\tabu@footnotes=\toks32
\tabu@box=\box66
\tabu@arstrutbox=\box67
\tabu@hleads=\box68
\tabu@vleads=\box69
\tabu@cellskip=\skip66
) (/Users/amyraefox/Library/TinyTeX/texmf-dist/tex/latex/threeparttable/threeparttable.sty
Package: threeparttable 2003/06/13  v 3.0
\@tempboxb=\box70
) (/Users/amyraefox/Library/TinyTeX/texmf-dist/tex/latex/threeparttablex/threeparttablex.sty
Package: threeparttablex 2013/07/23 v0.3 by daleif
(/Users/amyraefox/Library/TinyTeX/texmf-dist/tex/latex/environ/environ.sty
Package: environ 2014/05/04 v0.3 A new way to define environments
(/Users/amyraefox/Library/TinyTeX/texmf-dist/tex/latex/trimspaces/trimspaces.sty
Package: trimspaces 2009/09/17 v1.1 Trim spaces around a token list
))
\TPTL@width=\skip67
) (/Users/amyraefox/Library/TinyTeX/texmf-dist/tex/generic/ulem/ulem.sty
\UL@box=\box71
\UL@hyphenbox=\box72
\UL@skip=\skip68
\UL@hook=\toks33
\UL@height=\dimen197
\UL@pe=\count301
\UL@pixel=\dimen198
\ULC@box=\box73
Package: ulem 2019/11/18
\ULdepth=\dimen199
) (/Users/amyraefox/Library/TinyTeX/texmf-dist/tex/latex/makecell/makecell.sty
Package: makecell 2009/08/03 V0.1e Managing of Tab Column Heads and Cells
\rotheadsize=\dimen256
\c@nlinenum=\count302
\TeXr@lab=\toks34
) (/Users/amyraefox/Library/TinyTeX/texmf-dist/tex/latex/bookmark/bookmark.sty
Package: bookmark 2020-11-06 v1.29 PDF bookmarks (HO)
(/Users/amyraefox/Library/TinyTeX/texmf-dist/tex/latex/hyperref/hyperref.sty
Package: hyperref 2023-02-07 v7.00v Hypertext links for LaTeX
(/Users/amyraefox/Library/TinyTeX/texmf-dist/tex/generic/ltxcmds/ltxcmds.sty
Package: ltxcmds 2020-05-10 v1.25 LaTeX kernel commands for general use (HO)
) (/Users/amyraefox/Library/TinyTeX/texmf-dist/tex/generic/pdftexcmds/pdftexcmds.sty
Package: pdftexcmds 2020-06-27 v0.33 Utility functions of pdfTeX for LuaTeX (HO)
(/Users/amyraefox/Library/TinyTeX/texmf-dist/tex/generic/infwarerr/infwarerr.sty
Package: infwarerr 2019/12/03 v1.5 Providing info/warning/error messages (HO)
)
Package pdftexcmds Info: \pdf@primitive is available.
Package pdftexcmds Info: \pdf@ifprimitive is available.
Package pdftexcmds Info: \pdfdraftmode found.
) (/Users/amyraefox/Library/TinyTeX/texmf-dist/tex/latex/kvsetkeys/kvsetkeys.sty
Package: kvsetkeys 2022-10-05 v1.19 Key value parser (HO)
) (/Users/amyraefox/Library/TinyTeX/texmf-dist/tex/generic/kvdefinekeys/kvdefinekeys.sty
Package: kvdefinekeys 2019-12-19 v1.6 Define keys (HO)
) (/Users/amyraefox/Library/TinyTeX/texmf-dist/tex/generic/pdfescape/pdfescape.sty
Package: pdfescape 2019/12/09 v1.15 Implements pdfTeX's escape features (HO)
) (/Users/amyraefox/Library/TinyTeX/texmf-dist/tex/latex/hycolor/hycolor.sty
Package: hycolor 2020-01-27 v1.10 Color options for hyperref/bookmark (HO)
) (/Users/amyraefox/Library/TinyTeX/texmf-dist/tex/latex/letltxmacro/letltxmacro.sty
Package: letltxmacro 2019/12/03 v1.6 Let assignment for LaTeX macros (HO)
) (/Users/amyraefox/Library/TinyTeX/texmf-dist/tex/latex/auxhook/auxhook.sty
Package: auxhook 2019-12-17 v1.6 Hooks for auxiliary files (HO)
) (/Users/amyraefox/Library/TinyTeX/texmf-dist/tex/latex/hyperref/nameref.sty
Package: nameref 2022-05-17 v2.50 Cross-referencing by name of section
(/Users/amyraefox/Library/TinyTeX/texmf-dist/tex/latex/refcount/refcount.sty
Package: refcount 2019/12/15 v3.6 Data extraction from label references (HO)
) (/Users/amyraefox/Library/TinyTeX/texmf-dist/tex/generic/gettitlestring/gettitlestring.sty
Package: gettitlestring 2019/12/15 v1.6 Cleanup title references (HO)
(/Users/amyraefox/Library/TinyTeX/texmf-dist/tex/latex/kvoptions/kvoptions.sty
Package: kvoptions 2022-06-15 v3.15 Key value format for package options (HO)
))
\c@section@level=\count303
)
\@linkdim=\dimen257
\Hy@linkcounter=\count304
\Hy@pagecounter=\count305
(/Users/amyraefox/Library/TinyTeX/texmf-dist/tex/latex/hyperref/pd1enc.def
File: pd1enc.def 2023-02-07 v7.00v Hyperref: PDFDocEncoding definition (HO)
Now handling font encoding PD1 ...
... no UTF-8 mapping file for font encoding PD1
) (/Users/amyraefox/Library/TinyTeX/texmf-dist/tex/generic/intcalc/intcalc.sty
Package: intcalc 2019/12/15 v1.3 Expandable calculations with integers (HO)
) (/Users/amyraefox/Library/TinyTeX/texmf-dist/tex/generic/etexcmds/etexcmds.sty
Package: etexcmds 2019/12/15 v1.7 Avoid name clashes with e-TeX commands (HO)
)
\Hy@SavedSpaceFactor=\count306
(/Users/amyraefox/Library/TinyTeX/texmf-dist/tex/latex/hyperref/puenc.def
File: puenc.def 2023-02-07 v7.00v Hyperref: PDF Unicode definition (HO)
Now handling font encoding PU ...
... no UTF-8 mapping file for font encoding PU
)
Package hyperref Info: Option `unicode' set `true' on input line 4060.
Package hyperref Info: Hyper figures OFF on input line 4177.
Package hyperref Info: Link nesting OFF on input line 4182.
Package hyperref Info: Hyper index ON on input line 4185.
Package hyperref Info: Plain pages OFF on input line 4192.
Package hyperref Info: Backreferencing OFF on input line 4197.
Package hyperref Info: Implicit mode ON; LaTeX internals redefined.
Package hyperref Info: Bookmarks ON on input line 4425.
\c@Hy@tempcnt=\count307
(/Users/amyraefox/Library/TinyTeX/texmf-dist/tex/latex/url/url.sty
\Urlmuskip=\muskip17
Package: url 2013/09/16  ver 3.4  Verb mode for urls, etc.
)
LaTeX Info: Redefining \url on input line 4763.
\XeTeXLinkMargin=\dimen258
(/Users/amyraefox/Library/TinyTeX/texmf-dist/tex/generic/bitset/bitset.sty
Package: bitset 2019/12/09 v1.3 Handle bit-vector datatype (HO)
(/Users/amyraefox/Library/TinyTeX/texmf-dist/tex/generic/bigintcalc/bigintcalc.sty
Package: bigintcalc 2019/12/15 v1.5 Expandable calculations on big integers (HO)
))
\Fld@menulength=\count308
\Field@Width=\dimen259
\Fld@charsize=\dimen260
Package hyperref Info: Hyper figures OFF on input line 6042.
Package hyperref Info: Link nesting OFF on input line 6047.
Package hyperref Info: Hyper index ON on input line 6050.
Package hyperref Info: backreferencing OFF on input line 6057.
Package hyperref Info: Link coloring OFF on input line 6062.
Package hyperref Info: Link coloring with OCG OFF on input line 6067.
Package hyperref Info: PDF/A mode OFF on input line 6072.
(/Users/amyraefox/Library/TinyTeX/texmf-dist/tex/latex/base/atbegshi-ltx.sty
Package: atbegshi-ltx 2021/01/10 v1.0c Emulation of the original atbegshi
package with kernel methods
)
\Hy@abspage=\count309
\c@Item=\count310
\c@Hfootnote=\count311
)
Package hyperref Info: Driver (autodetected): hpdftex.
(/Users/amyraefox/Library/TinyTeX/texmf-dist/tex/latex/hyperref/hpdftex.def
File: hpdftex.def 2023-02-07 v7.00v Hyperref driver for pdfTeX
(/Users/amyraefox/Library/TinyTeX/texmf-dist/tex/latex/base/atveryend-ltx.sty
Package: atveryend-ltx 2020/08/19 v1.0a Emulation of the original atveryend package
with kernel methods
)
\Fld@listcount=\count312
\c@bookmark@seq@number=\count313
(/Users/amyraefox/Library/TinyTeX/texmf-dist/tex/latex/rerunfilecheck/rerunfilecheck.sty
Package: rerunfilecheck 2022-07-10 v1.10 Rerun checks for auxiliary files (HO)
(/Users/amyraefox/Library/TinyTeX/texmf-dist/tex/generic/uniquecounter/uniquecounter.sty
Package: uniquecounter 2019/12/15 v1.4 Provide unlimited unique counter (HO)
)
Package uniquecounter Info: New unique counter `rerunfilecheck' on input line 285.
)
\Hy@SectionHShift=\skip69
) (/Users/amyraefox/Library/TinyTeX/texmf-dist/tex/latex/bookmark/bkm-pdftex.def
File: bkm-pdftex.def 2020-11-06 v1.29 bookmark driver for pdfTeX (HO)
\BKM@id=\count314
)) (/Users/amyraefox/Library/TinyTeX/texmf-dist/tex/latex/l3backend/l3backend-pdftex.def
File: l3backend-pdftex.def 2023-01-16 L3 backend support: PDF output (pdfTeX)
\l__color_backend_stack_int=\count315
\l__pdf_internal_box=\box74
) (./IXN_eda.aux)
\openout1 = `IXN_eda.aux'.

LaTeX Font Info:    Checking defaults for OML/cmm/m/it on input line 135.
LaTeX Font Info:    ... okay on input line 135.
LaTeX Font Info:    Checking defaults for OMS/cmsy/m/n on input line 135.
LaTeX Font Info:    ... okay on input line 135.
LaTeX Font Info:    Checking defaults for OT1/cmr/m/n on input line 135.
LaTeX Font Info:    ... okay on input line 135.
LaTeX Font Info:    Checking defaults for T1/cmr/m/n on input line 135.
LaTeX Font Info:    ... okay on input line 135.
LaTeX Font Info:    Checking defaults for TS1/cmr/m/n on input line 135.
LaTeX Font Info:    ... okay on input line 135.
LaTeX Font Info:    Checking defaults for OMX/cmex/m/n on input line 135.
LaTeX Font Info:    ... okay on input line 135.
LaTeX Font Info:    Checking defaults for U/cmr/m/n on input line 135.
LaTeX Font Info:    ... okay on input line 135.
LaTeX Font Info:    Checking defaults for PD1/pdf/m/n on input line 135.
LaTeX Font Info:    ... okay on input line 135.
LaTeX Font Info:    Checking defaults for PU/pdf/m/n on input line 135.
LaTeX Font Info:    ... okay on input line 135.
(/Users/amyraefox/Library/TinyTeX/texmf-dist/tex/latex/epstopdf-pkg/epstopdf-base.sty
Package: epstopdf-base 2020-01-24 v2.11 Base part for package epstopdf
Package epstopdf-base Info: Redefining graphics rule for `.eps' on input line 485.
(/Users/amyraefox/Library/TinyTeX/texmf-dist/tex/latex/latexconfig/epstopdf-sys.cfg
File: epstopdf-sys.cfg 2010/07/13 v1.3 Configuration of (r)epstopdf for TeX Live
))
*geometry* driver: auto-detecting
*geometry* detected driver: pdftex
*geometry* verbose mode - [ preamble ] result:
* driver: pdftex
* paper: <default>
* layout: <same size as paper>
* layoutoffset:(h,v)=(0.0pt,0.0pt)
* modes: 
* h-part:(L,W,R)=(72.26999pt, 469.75502pt, 72.26999pt)
* v-part:(T,H,B)=(72.26999pt, 650.43001pt, 72.26999pt)
* \paperwidth=614.295pt
* \paperheight=794.96999pt
* \textwidth=469.75502pt
* \textheight=650.43001pt
* \oddsidemargin=0.0pt
* \evensidemargin=0.0pt
* \topmargin=-37.0pt
* \headheight=12.0pt
* \headsep=25.0pt
* \topskip=10.0pt
* \footskip=30.0pt
* \marginparwidth=65.0pt
* \marginparsep=11.0pt
* \columnsep=10.0pt
* \skip\footins=9.0pt plus 4.0pt minus 2.0pt
* \hoffset=0.0pt
* \voffset=0.0pt
* \mag=1000
* \@twocolumnfalse
* \@twosidefalse
* \@mparswitchfalse
* \@reversemarginfalse
* (1in=72.27pt=25.4mm, 1cm=28.453pt)

Package hyperref Info: Link coloring OFF on input line 135.
LaTeX Font Info:    Trying to load font information for OT1+lmr on input line 137.
(/Users/amyraefox/Library/TinyTeX/texmf-dist/tex/latex/lm/ot1lmr.fd
File: ot1lmr.fd 2015/05/01 v1.6.1 Font defs for Latin Modern
)
LaTeX Font Info:    Trying to load font information for OML+lmm on input line 137.
(/Users/amyraefox/Library/TinyTeX/texmf-dist/tex/latex/lm/omllmm.fd
File: omllmm.fd 2015/05/01 v1.6.1 Font defs for Latin Modern
)
LaTeX Font Info:    Trying to load font information for OMS+lmsy on input line 137.
(/Users/amyraefox/Library/TinyTeX/texmf-dist/tex/latex/lm/omslmsy.fd
File: omslmsy.fd 2015/05/01 v1.6.1 Font defs for Latin Modern
)
LaTeX Font Info:    Trying to load font information for OMX+lmex on input line 137.
(/Users/amyraefox/Library/TinyTeX/texmf-dist/tex/latex/lm/omxlmex.fd
File: omxlmex.fd 2015/05/01 v1.6.1 Font defs for Latin Modern
)
LaTeX Font Info:    External font `lmex10' loaded for size
(Font)              <12> on input line 137.
LaTeX Font Info:    External font `lmex10' loaded for size
(Font)              <8> on input line 137.
LaTeX Font Info:    External font `lmex10' loaded for size
(Font)              <6> on input line 137.
LaTeX Font Info:    Trying to load font information for U+msa on input line 137.
(/Users/amyraefox/Library/TinyTeX/texmf-dist/tex/latex/amsfonts/umsa.fd
File: umsa.fd 2013/01/14 v3.01 AMS symbols A
)
LaTeX Font Info:    Trying to load font information for U+msb on input line 137.
(/Users/amyraefox/Library/TinyTeX/texmf-dist/tex/latex/amsfonts/umsb.fd
File: umsb.fd 2013/01/14 v3.01 AMS symbols B
) (./IXN_eda.toc
LaTeX Font Info:    External font `lmex10' loaded for size
(Font)              <10> on input line 2.
LaTeX Font Info:    External font `lmex10' loaded for size
(Font)              <7> on input line 2.
LaTeX Font Info:    External font `lmex10' loaded for size
(Font)              <5> on input line 2.
[1

{/Users/amyraefox/Library/TinyTeX/texmf-var/fonts/map/pdftex/updmap/pdftex.map}])
\tf@toc=\write4
\openout4 = `IXN_eda.toc'.

LaTeX Font Info:    Trying to load font information for T1+lmtt on input line 153.
(/Users/amyraefox/Library/TinyTeX/texmf-dist/tex/latex/lm/t1lmtt.fd
File: t1lmtt.fd 2015/05/01 v1.6.1 Font defs for Latin Modern
) [2]
LaTeX Font Info:    Font shape `T1/lmtt/bx/n' in size <10> not available
(Font)              Font shape `T1/lmtt/b/n' tried instead on input line 233.

LaTeX Font Warning: Font shape `T1/lmtt/bx/it' in size <10> not available
(Font)              Font shape `T1/lmtt/b/sl' tried instead on input line 233.

LaTeX Font Info:    Trying to load font information for TS1+lmtt on input line 260.
(/Users/amyraefox/Library/TinyTeX/texmf-dist/tex/latex/lm/ts1lmtt.fd
File: ts1lmtt.fd 2015/05/01 v1.6.1 Font defs for Latin Modern
) [3]
Underfull \vbox (badness 10000) detected at line 450
 []


Underfull \vbox (badness 10000) detected at line 450
 []

[4]
Underfull \vbox (badness 10000) detected at line 450
 []


Underfull \vbox (badness 10000) detected at line 450
 []

[5]
Underfull \vbox (badness 10000) detected at line 450
 []


Underfull \vbox (badness 10000) detected at line 450
 []

[6]
Underfull \vbox (badness 10000) detected at line 450
 []


Underfull \vbox (badness 10000) detected at line 450
 []

[7]
Overfull \hbox (0.19704pt too wide) in paragraph at lines 530--531
[]\T1/lmr/m/it/10 The fol-low-ing pro-file re-flects a dataframe where in-di-vid-ual ob-ser-va-tions re-fer to unique ut-ter-ance+detail_code\T1/lmr/m/n/10 . 
 []

<temp/ds3034.png, id=168, 123.46124pt x 202.7575pt>
File: temp/ds3034.png Graphic file (type png)
<use temp/ds3034.png>
Package pdftex.def Info: temp/ds3034.png  used on input line 607.
(pdftex.def)             Requested size: 72.03896pt x 118.3079pt.

Overfull \hbox (4.44572pt too wide) in paragraph at lines 610--611
[]\T1/lmr/m/n/10 (100.0%)|  
 []

<temp/ds3035.png, id=170, 32.12pt x 202.7575pt>
File: temp/ds3035.png Graphic file (type png)
<use temp/ds3035.png>
Package pdftex.def Info: temp/ds3035.png  used on input line 642.
(pdftex.def)             Requested size: 32.12088pt x 202.76318pt.

Overfull \hbox (4.44572pt too wide) in paragraph at lines 645--646
[]\T1/lmr/m/n/10 (100.0%)|  
 []

<temp/ds3036.png, id=171, 32.12pt x 202.7575pt>
File: temp/ds3036.png Graphic file (type png)
<use temp/ds3036.png>
Package pdftex.def Info: temp/ds3036.png  used on input line 677.
(pdftex.def)             Requested size: 32.12088pt x 202.76318pt.

Overfull \hbox (4.44572pt too wide) in paragraph at lines 680--681
[]\T1/lmr/m/n/10 (100.0%)|  
 []

<temp/ds3037.png, id=172, 123.46124pt x 202.7575pt>
File: temp/ds3037.png Graphic file (type png)
<use temp/ds3037.png>
Package pdftex.def Info: temp/ds3037.png  used on input line 712.
(pdftex.def)             Requested size: 72.03896pt x 118.3079pt.

Overfull \hbox (4.44572pt too wide) in paragraph at lines 715--716
[]\T1/lmr/m/n/10 (100.0%)|  
 []

<temp/ds3038.png, id=173, 74.2775pt x 42.1575pt>
File: temp/ds3038.png Graphic file (type png)
<use temp/ds3038.png>
Package pdftex.def Info: temp/ds3038.png  used on input line 729.
(pdftex.def)             Requested size: 72.03888pt x 40.88692pt.

Overfull \hbox (4.44572pt too wide) in paragraph at lines 732--733
[]\T1/lmr/m/n/10 (100.0%)|  
 []

<temp/ds3039.png, id=174, 78.2925pt x 42.1575pt>
File: temp/ds3039.png Graphic file (type png)
<use temp/ds3039.png>
Package pdftex.def Info: temp/ds3039.png  used on input line 746.
(pdftex.def)             Requested size: 72.03831pt x 38.78986pt.

Overfull \hbox (4.44572pt too wide) in paragraph at lines 749--750
[]\T1/lmr/m/n/10 (100.0%)|  
 []

<temp/ds3040.png, id=175, 117.43875pt x 85.31876pt>
File: temp/ds3040.png Graphic file (type png)
<use temp/ds3040.png>
Package pdftex.def Info: temp/ds3040.png  used on input line 762.
(pdftex.def)             Requested size: 72.03534pt x 52.33336pt.

Overfull \hbox (4.44572pt too wide) in paragraph at lines 765--766
[]\T1/lmr/m/n/10 (100.0%)|  
 []

<temp/ds3041.png, id=176, 108.405pt x 42.1575pt>
File: temp/ds3041.png Graphic file (type png)
<use temp/ds3041.png>
Package pdftex.def Info: temp/ds3041.png  used on input line 779.
(pdftex.def)             Requested size: 72.03879pt x 28.01508pt.

Overfull \hbox (4.44572pt too wide) in paragraph at lines 782--783
[]\T1/lmr/m/n/10 (100.0%)|  
 []

<temp/ds3042.png, id=177, 56.21pt x 78.2925pt>
File: temp/ds3042.png Graphic file (type png)
<use temp/ds3042.png>
Package pdftex.def Info: temp/ds3042.png  used on input line 800.
(pdftex.def)             Requested size: 56.21156pt x 78.29468pt.

Overfull \hbox (4.44572pt too wide) in paragraph at lines 803--804
[]\T1/lmr/m/n/10 (100.0%)|  
 []

<temp/ds3043.png, id=178, 76.285pt x 202.7575pt>
File: temp/ds3043.png Graphic file (type png)
<use temp/ds3043.png>
Package pdftex.def Info: temp/ds3043.png  used on input line 835.
(pdftex.def)             Requested size: 72.03848pt x 191.47072pt.

Overfull \hbox (4.44572pt too wide) in paragraph at lines 838--839
[]\T1/lmr/m/n/10 (100.0%)|  
 []

<temp/ds3044.png, id=179, 51.19125pt x 113.42375pt>
File: temp/ds3044.png Graphic file (type png)
<use temp/ds3044.png>
Package pdftex.def Info: temp/ds3044.png  used on input line 860.
(pdftex.def)             Requested size: 51.19112pt x 113.42346pt.
<temp/ds3045.png, id=180, 118.4425pt x 42.1575pt>
File: temp/ds3045.png Graphic file (type png)
<use temp/ds3045.png>
Package pdftex.def Info: temp/ds3045.png  used on input line 877.
(pdftex.def)             Requested size: 72.03836pt x 25.64076pt.

Overfull \hbox (4.44572pt too wide) in paragraph at lines 880--881
[]\T1/lmr/m/n/10 (100.0%)|  
 []


Overfull \hbox (0.65384pt too wide) in paragraph at lines 886--886
[]\T1/lmr/m/n/10 flag_correction  
 []

<temp/ds3046.png, id=181, 123.46124pt x 42.1575pt>
File: temp/ds3046.png Graphic file (type png)
<use temp/ds3046.png>
Package pdftex.def Info: temp/ds3046.png  used on input line 894.
(pdftex.def)             Requested size: 72.03896pt x 24.59866pt.

Overfull \hbox (4.44572pt too wide) in paragraph at lines 897--898
[]\T1/lmr/m/n/10 (100.0%)|  
 []


Overfull \hbox (13.76442pt too wide) in paragraph at lines 903--903
[]\T1/lmr/m/n/10 flag_simultaneous  
 []

<temp/ds3047.png, id=182, 116.435pt x 42.1575pt>
File: temp/ds3047.png Graphic file (type png)
<use temp/ds3047.png>
Package pdftex.def Info: temp/ds3047.png  used on input line 911.
(pdftex.def)             Requested size: 72.03793pt x 26.08269pt.

Overfull \hbox (4.44572pt too wide) in paragraph at lines 914--915
[]\T1/lmr/m/n/10 (100.0%)|  
 []

<temp/ds3048.png, id=183, 122.4575pt x 202.7575pt>
File: temp/ds3048.png Graphic file (type png)
<use temp/ds3048.png>
Package pdftex.def Info: temp/ds3048.png  used on input line 946.
(pdftex.def)             Requested size: 72.03813pt x 119.27628pt.

Overfull \hbox (4.44572pt too wide) in paragraph at lines 949--950
[]\T1/lmr/m/n/10 (100.0%)|  
 []


Overfull \hbox (7.77081pt too wide) in paragraph at lines 960--960
\T1/lmr/m/n/10 columns_data_dictionary  
 []


Overfull \hbox (16.35425pt too wide) in paragraph at lines 962--962
\T1/lmr/m/n/10 data_dictionary_dataframe  
 []


Overfull \hbox (7.52129pt too wide) in paragraph at lines 963--963
\T1/lmr/m/n/10 data_dictionary_describe  
 []

<temp/ds3049.png, id=184, 100.375pt x 202.7575pt>
File: temp/ds3049.png Graphic file (type png)
<use temp/ds3049.png>
Package pdftex.def Info: temp/ds3049.png  used on input line 981.
(pdftex.def)             Requested size: 72.04019pt x 145.52121pt.

Overfull \hbox (4.44572pt too wide) in paragraph at lines 984--985
[]\T1/lmr/m/n/10 (100.0%)|  
 []


Overfull \hbox (6.99316pt too wide) in paragraph at lines 993--993
\T1/lmr/m/n/10 fect_corruption_brush_7  
 []


Overfull \hbox (16.13248pt too wide) in paragraph at lines 994--994
\T1/lmr/m/n/10 Age_CryoSleep_scatterplot  
 []


Overfull \hbox (24.38202pt too wide) in paragraph at lines 995--995
\T1/lmr/m/n/10 age_CryoSleep_ShoppingMal  
 []


Overfull \hbox (20.16003pt too wide) in paragraph at lines 996--996
\T1/lmr/m/n/10 Age_RoomService_scatterpl  
 []


Overfull \hbox (12.6047pt too wide) in paragraph at lines 997--997
\T1/lmr/m/n/10 age_roomservice_scatterpl  
 []


Overfull \hbox (20.16003pt too wide) in paragraph at lines 998--998
\T1/lmr/m/n/10 Age_RoomService_scatterpl  
 []


Overfull \hbox (20.82683pt too wide) in paragraph at lines 999--999
\T1/lmr/m/n/10 Age_ShoppingMall_scatterp  
 []


Overfull \hbox (19.93732pt too wide) in paragraph at lines 1001--1001
\T1/lmr/m/n/10 alx_barplot_df_homeplanet  
 []


Overfull \hbox (19.93732pt too wide) in paragraph at lines 1002--1002
\T1/lmr/m/n/10 alx_barplot_df_homeplanet  
 []

<temp/ds3050.png, id=185, 122.4575pt x 202.7575pt>
File: temp/ds3050.png Graphic file (type png)
<use temp/ds3050.png>
Package pdftex.def Info: temp/ds3050.png  used on input line 1016.
(pdftex.def)             Requested size: 72.03813pt x 119.27628pt.
<temp/ds3051.png, id=186, 78.2925pt x 42.1575pt>
File: temp/ds3051.png Graphic file (type png)
<use temp/ds3051.png>
Package pdftex.def Info: temp/ds3051.png  used on input line 1033.
(pdftex.def)             Requested size: 72.03831pt x 38.78986pt.

Overfull \hbox (4.44572pt too wide) in paragraph at lines 1036--1037
[]\T1/lmr/m/n/10 (100.0%)|  
 []

<temp/ds3052.png, id=187, 117.43875pt x 85.31876pt>
File: temp/ds3052.png Graphic file (type png)
<use temp/ds3052.png>
Package pdftex.def Info: temp/ds3052.png  used on input line 1049.
(pdftex.def)             Requested size: 72.03534pt x 52.33336pt.

Overfull \hbox (4.44572pt too wide) in paragraph at lines 1052--1053
[]\T1/lmr/m/n/10 (100.0%)|  
 []

<temp/ds3053.png, id=188, 117.43875pt x 85.31876pt>
File: temp/ds3053.png Graphic file (type png)
<use temp/ds3053.png>
Package pdftex.def Info: temp/ds3053.png  used on input line 1065.
(pdftex.def)             Requested size: 72.03534pt x 52.33336pt.

Overfull \hbox (4.44572pt too wide) in paragraph at lines 1068--1069
[]\T1/lmr/m/n/10 (100.0%)|  
 []

<temp/ds3054.png, id=189, 117.43875pt x 85.31876pt>
File: temp/ds3054.png Graphic file (type png)
<use temp/ds3054.png>
Package pdftex.def Info: temp/ds3054.png  used on input line 1081.
(pdftex.def)             Requested size: 72.03534pt x 52.33336pt.

Overfull \hbox (4.44572pt too wide) in paragraph at lines 1084--1085
[]\T1/lmr/m/n/10 (100.0%)|  
 []

<temp/ds3055.png, id=190, 117.43875pt x 85.31876pt>
File: temp/ds3055.png Graphic file (type png)
<use temp/ds3055.png>
Package pdftex.def Info: temp/ds3055.png  used on input line 1097.
(pdftex.def)             Requested size: 72.03534pt x 52.33336pt.

Overfull \hbox (4.44572pt too wide) in paragraph at lines 1100--1101
[]\T1/lmr/m/n/10 (100.0%)|  
 []

<temp/ds3056.png, id=191, 117.43875pt x 85.31876pt>
File: temp/ds3056.png Graphic file (type png)
<use temp/ds3056.png>
Package pdftex.def Info: temp/ds3056.png  used on input line 1113.
(pdftex.def)             Requested size: 72.03534pt x 52.33336pt.

Overfull \hbox (4.44572pt too wide) in paragraph at lines 1116--1117
[]\T1/lmr/m/n/10 (100.0%)|  
 []


Overfull \hbox (4.84837pt too wide) in paragraph at lines 1122--1122
[]\T1/lmr/m/n/10 relative_time_s  
 []

<temp/ds3057.png, id=192, 117.43875pt x 85.31876pt>
File: temp/ds3057.png Graphic file (type png)
<use temp/ds3057.png>
Package pdftex.def Info: temp/ds3057.png  used on input line 1129.
(pdftex.def)             Requested size: 72.03534pt x 52.33336pt.

Overfull \hbox (4.44572pt too wide) in paragraph at lines 1132--1133
[]\T1/lmr/m/n/10 (100.0%)|  
 []

<temp/ds3058.png, id=193, 117.43875pt x 85.31876pt>
File: temp/ds3058.png Graphic file (type png)
<use temp/ds3058.png>
Package pdftex.def Info: temp/ds3058.png  used on input line 1145.
(pdftex.def)             Requested size: 72.03534pt x 52.33336pt.

Overfull \hbox (4.44572pt too wide) in paragraph at lines 1148--1149
[]\T1/lmr/m/n/10 (100.0%)|  
 []

[8] [9 <./temp/ds3034.png>] [10 <./temp/ds3035.png>] [11 <./temp/ds3036.png> <./temp/ds3037.png>] [12 <./temp/ds3038.png> <./temp/ds3039.png> <./temp/ds3040.png> <./temp/ds3041.png> <./temp/ds3042.png>] [13 <./temp/ds3043.png>] [14 <./temp/ds3044.png> <./temp/ds3045.png> <./temp/ds3046.png> <./temp/ds3047.png>] [15 <./temp/ds3048.png>] [16 <./temp/ds3049.png>] [17 <./temp/ds3050.png> <./temp/ds3051.png> <./temp/ds3052.png> <./temp/ds3053.png>]
Overfull \hbox (12.18562pt too wide) in paragraph at lines 1171--1172
[]\T1/lmr/m/it/10 The fol-low-ing pro-file re-flects a dataframe where in-di-vid-ual ob-ser-va-tions re-fer to unique ut-ter-ance+representation\T1/lmr/m/n/10 . 
 []

[18 <./temp/ds3054.png> <./temp/ds3055.png> <./temp/ds3056.png> <./temp/ds3057.png> <./temp/ds3058.png>]
<temp/ds3059.png, id=284, 123.46124pt x 202.7575pt>
File: temp/ds3059.png Graphic file (type png)
<use temp/ds3059.png>
Package pdftex.def Info: temp/ds3059.png  used on input line 1248.
(pdftex.def)             Requested size: 72.03896pt x 118.3079pt.

Overfull \hbox (4.44572pt too wide) in paragraph at lines 1251--1252
[]\T1/lmr/m/n/10 (100.0%)|  
 []

<temp/ds3060.png, id=285, 32.12pt x 202.7575pt>
File: temp/ds3060.png Graphic file (type png)
<use temp/ds3060.png>
Package pdftex.def Info: temp/ds3060.png  used on input line 1283.
(pdftex.def)             Requested size: 32.12088pt x 202.76318pt.

Overfull \hbox (4.44572pt too wide) in paragraph at lines 1286--1287
[]\T1/lmr/m/n/10 (100.0%)|  
 []

<temp/ds3061.png, id=286, 32.12pt x 202.7575pt>
File: temp/ds3061.png Graphic file (type png)
<use temp/ds3061.png>
Package pdftex.def Info: temp/ds3061.png  used on input line 1318.
(pdftex.def)             Requested size: 32.12088pt x 202.76318pt.

Overfull \hbox (4.44572pt too wide) in paragraph at lines 1321--1322
[]\T1/lmr/m/n/10 (100.0%)|  
 []

<temp/ds3062.png, id=287, 123.46124pt x 202.7575pt>
File: temp/ds3062.png Graphic file (type png)
<use temp/ds3062.png>
Package pdftex.def Info: temp/ds3062.png  used on input line 1353.
(pdftex.def)             Requested size: 72.03896pt x 118.3079pt.

Overfull \hbox (4.44572pt too wide) in paragraph at lines 1356--1357
[]\T1/lmr/m/n/10 (100.0%)|  
 []

<temp/ds3063.png, id=288, 74.2775pt x 42.1575pt>
File: temp/ds3063.png Graphic file (type png)
<use temp/ds3063.png>
Package pdftex.def Info: temp/ds3063.png  used on input line 1370.
(pdftex.def)             Requested size: 72.03888pt x 40.88692pt.

Overfull \hbox (4.44572pt too wide) in paragraph at lines 1373--1374
[]\T1/lmr/m/n/10 (100.0%)|  
 []

<temp/ds3064.png, id=289, 78.2925pt x 42.1575pt>
File: temp/ds3064.png Graphic file (type png)
<use temp/ds3064.png>
Package pdftex.def Info: temp/ds3064.png  used on input line 1387.
(pdftex.def)             Requested size: 72.03831pt x 38.78986pt.

Overfull \hbox (4.44572pt too wide) in paragraph at lines 1390--1391
[]\T1/lmr/m/n/10 (100.0%)|  
 []

<temp/ds3065.png, id=290, 117.43875pt x 85.31876pt>
File: temp/ds3065.png Graphic file (type png)
<use temp/ds3065.png>
Package pdftex.def Info: temp/ds3065.png  used on input line 1403.
(pdftex.def)             Requested size: 72.03534pt x 52.33336pt.

Overfull \hbox (4.44572pt too wide) in paragraph at lines 1406--1407
[]\T1/lmr/m/n/10 (100.0%)|  
 []

<temp/ds3066.png, id=291, 109.40875pt x 42.1575pt>
File: temp/ds3066.png Graphic file (type png)
<use temp/ds3066.png>
Package pdftex.def Info: temp/ds3066.png  used on input line 1420.
(pdftex.def)             Requested size: 72.03636pt x 27.75711pt.

Overfull \hbox (4.44572pt too wide) in paragraph at lines 1423--1424
[]\T1/lmr/m/n/10 (100.0%)|  
 []

<temp/ds3067.png, id=292, 55.20625pt x 78.2925pt>
File: temp/ds3067.png Graphic file (type png)
<use temp/ds3067.png>
Package pdftex.def Info: temp/ds3067.png  used on input line 1441.
(pdftex.def)             Requested size: 55.20778pt x 78.29468pt.

Overfull \hbox (4.44572pt too wide) in paragraph at lines 1444--1445
[]\T1/lmr/m/n/10 (100.0%)|  
 []

<temp/ds3068.png, id=293, 75.28125pt x 202.7575pt>
File: temp/ds3068.png Graphic file (type png)
<use temp/ds3068.png>
Package pdftex.def Info: temp/ds3068.png  used on input line 1476.
(pdftex.def)             Requested size: 72.04286pt x 194.0355pt.

Overfull \hbox (4.44572pt too wide) in paragraph at lines 1479--1480
[]\T1/lmr/m/n/10 (100.0%)|  
 []

<temp/ds3069.png, id=294, 50.1875pt x 113.42375pt>
File: temp/ds3069.png Graphic file (type png)
<use temp/ds3069.png>
Package pdftex.def Info: temp/ds3069.png  used on input line 1501.
(pdftex.def)             Requested size: 50.18736pt x 113.42346pt.

Overfull \hbox (13.76442pt too wide) in paragraph at lines 1510--1510
[]\T1/lmr/m/n/10 flag_simultaneous  
 []

<temp/ds3070.png, id=295, 116.435pt x 42.1575pt>
File: temp/ds3070.png Graphic file (type png)
<use temp/ds3070.png>
Package pdftex.def Info: temp/ds3070.png  used on input line 1518.
(pdftex.def)             Requested size: 72.03793pt x 26.08269pt.

Overfull \hbox (4.44572pt too wide) in paragraph at lines 1521--1522
[]\T1/lmr/m/n/10 (100.0%)|  
 []


Overfull \hbox (6.99316pt too wide) in paragraph at lines 1530--1530
\T1/lmr/m/n/10 fect_corruption_brush_7  
 []


Overfull \hbox (16.13248pt too wide) in paragraph at lines 1531--1531
\T1/lmr/m/n/10 Age_CryoSleep_scatterplot  
 []


Overfull \hbox (24.38202pt too wide) in paragraph at lines 1532--1532
\T1/lmr/m/n/10 age_CryoSleep_ShoppingMal  
 []


Overfull \hbox (20.16003pt too wide) in paragraph at lines 1533--1533
\T1/lmr/m/n/10 Age_RoomService_scatterpl  
 []


Overfull \hbox (12.6047pt too wide) in paragraph at lines 1534--1534
\T1/lmr/m/n/10 age_roomservice_scatterpl  
 []


Overfull \hbox (20.16003pt too wide) in paragraph at lines 1535--1535
\T1/lmr/m/n/10 Age_RoomService_scatterpl  
 []


Overfull \hbox (20.82683pt too wide) in paragraph at lines 1536--1536
\T1/lmr/m/n/10 Age_ShoppingMall_scatterp  
 []


Overfull \hbox (19.93732pt too wide) in paragraph at lines 1538--1538
\T1/lmr/m/n/10 alx_barplot_df_homeplanet  
 []


Overfull \hbox (19.93732pt too wide) in paragraph at lines 1539--1539
\T1/lmr/m/n/10 alx_barplot_df_homeplanet  
 []

<temp/ds3071.png, id=296, 122.4575pt x 202.7575pt>
File: temp/ds3071.png Graphic file (type png)
<use temp/ds3071.png>
Package pdftex.def Info: temp/ds3071.png  used on input line 1553.
(pdftex.def)             Requested size: 72.03813pt x 119.27628pt.
<temp/ds3072.png, id=297, 117.43875pt x 85.31876pt>
File: temp/ds3072.png Graphic file (type png)
<use temp/ds3072.png>
Package pdftex.def Info: temp/ds3072.png  used on input line 1569.
(pdftex.def)             Requested size: 72.03534pt x 52.33336pt.

Overfull \hbox (4.44572pt too wide) in paragraph at lines 1572--1573
[]\T1/lmr/m/n/10 (100.0%)|  
 []

<temp/ds3073.png, id=298, 117.43875pt x 85.31876pt>
File: temp/ds3073.png Graphic file (type png)
<use temp/ds3073.png>
Package pdftex.def Info: temp/ds3073.png  used on input line 1585.
(pdftex.def)             Requested size: 72.03534pt x 52.33336pt.

Overfull \hbox (4.44572pt too wide) in paragraph at lines 1588--1589
[]\T1/lmr/m/n/10 (100.0%)|  
 []

<temp/ds3074.png, id=299, 117.43875pt x 85.31876pt>
File: temp/ds3074.png Graphic file (type png)
<use temp/ds3074.png>
Package pdftex.def Info: temp/ds3074.png  used on input line 1601.
(pdftex.def)             Requested size: 72.03534pt x 52.33336pt.

Overfull \hbox (4.44572pt too wide) in paragraph at lines 1604--1605
[]\T1/lmr/m/n/10 (100.0%)|  
 []

<temp/ds3075.png, id=300, 117.43875pt x 85.31876pt>
File: temp/ds3075.png Graphic file (type png)
<use temp/ds3075.png>
Package pdftex.def Info: temp/ds3075.png  used on input line 1617.
(pdftex.def)             Requested size: 72.03534pt x 52.33336pt.

Overfull \hbox (4.44572pt too wide) in paragraph at lines 1620--1621
[]\T1/lmr/m/n/10 (100.0%)|  
 []

<temp/ds3076.png, id=301, 117.43875pt x 85.31876pt>
File: temp/ds3076.png Graphic file (type png)
<use temp/ds3076.png>
Package pdftex.def Info: temp/ds3076.png  used on input line 1633.
(pdftex.def)             Requested size: 72.03534pt x 52.33336pt.

Overfull \hbox (4.44572pt too wide) in paragraph at lines 1636--1637
[]\T1/lmr/m/n/10 (100.0%)|  
 []


Overfull \hbox (4.84837pt too wide) in paragraph at lines 1642--1642
[]\T1/lmr/m/n/10 relative_time_s  
 []

<temp/ds3077.png, id=302, 117.43875pt x 85.31876pt>
File: temp/ds3077.png Graphic file (type png)
<use temp/ds3077.png>
Package pdftex.def Info: temp/ds3077.png  used on input line 1649.
(pdftex.def)             Requested size: 72.03534pt x 52.33336pt.

Overfull \hbox (4.44572pt too wide) in paragraph at lines 1652--1653
[]\T1/lmr/m/n/10 (100.0%)|  
 []

<temp/ds3078.png, id=303, 117.43875pt x 85.31876pt>
File: temp/ds3078.png Graphic file (type png)
<use temp/ds3078.png>
Package pdftex.def Info: temp/ds3078.png  used on input line 1665.
(pdftex.def)             Requested size: 72.03534pt x 52.33336pt.

Overfull \hbox (4.44572pt too wide) in paragraph at lines 1668--1669
[]\T1/lmr/m/n/10 (100.0%)|  
 []

<temp/ds3079.png, id=304, 119.44624pt x 42.1575pt>
File: temp/ds3079.png Graphic file (type png)
<use temp/ds3079.png>
Package pdftex.def Info: temp/ds3079.png  used on input line 1682.
(pdftex.def)             Requested size: 72.03462pt x 25.42398pt.

Overfull \hbox (4.44572pt too wide) in paragraph at lines 1685--1686
[]\T1/lmr/m/n/10 (100.0%)|  
 []

<temp/ds3080.png, id=305, 80.3pt x 202.7575pt>
File: temp/ds3080.png Graphic file (type png)
<use temp/ds3080.png>
Package pdftex.def Info: temp/ds3080.png  used on input line 1717.
(pdftex.def)             Requested size: 72.03773pt x 181.89532pt.

Overfull \hbox (4.44572pt too wide) in paragraph at lines 1720--1721
[]\T1/lmr/m/n/10 (100.0%)|  
 []

<temp/ds3081.png, id=306, 43.16125pt x 202.7575pt>
File: temp/ds3081.png Graphic file (type png)
<use temp/ds3081.png>
Package pdftex.def Info: temp/ds3081.png  used on input line 1752.
(pdftex.def)             Requested size: 43.16179pt x 202.76009pt.

Overfull \hbox (4.44572pt too wide) in paragraph at lines 1755--1756
[]\T1/lmr/m/n/10 (100.0%)|  
 []

<temp/ds3082.png, id=307, 80.3pt x 60.225pt>
File: temp/ds3082.png Graphic file (type png)
<use temp/ds3082.png>
Package pdftex.def Info: temp/ds3082.png  used on input line 1771.
(pdftex.def)             Requested size: 72.03773pt x 54.02829pt.

Overfull \hbox (4.44572pt too wide) in paragraph at lines 1774--1775
[]\T1/lmr/m/n/10 (100.0%)|  
 []

[19 <./temp/ds3059.png>] [20 <./temp/ds3060.png>] [21 <./temp/ds3061.png> <./temp/ds3062.png>] [22 <./temp/ds3063.png> <./temp/ds3064.png> <./temp/ds3065.png> <./temp/ds3066.png> <./temp/ds3067.png>] [23 <./temp/ds3068.png>] [24 <./temp/ds3069.png> <./temp/ds3070.png>] [25 <./temp/ds3071.png> <./temp/ds3072.png> <./temp/ds3073.png>] [26 <./temp/ds3074.png> <./temp/ds3075.png> <./temp/ds3076.png> <./temp/ds3077.png> <./temp/ds3078.png> <./temp/ds3079.png>] [27 <./temp/ds3080.png>] [28 <./temp/ds3081.png> <./temp/ds3082.png>]
<temp/ds3083.png, id=378, 48.18pt x 202.7575pt>
File: temp/ds3083.png Graphic file (type png)
<use temp/ds3083.png>
Package pdftex.def Info: temp/ds3083.png  used on input line 1880.
(pdftex.def)             Requested size: 48.17986pt x 202.757pt.

Overfull \hbox (4.44572pt too wide) in paragraph at lines 1883--1884
[]\T1/lmr/m/n/10 (100.0%)|  
 []

<temp/ds3084.png, id=379, 48.18pt x 202.7575pt>
File: temp/ds3084.png Graphic file (type png)
<use temp/ds3084.png>
Package pdftex.def Info: temp/ds3084.png  used on input line 1915.
(pdftex.def)             Requested size: 48.17986pt x 202.757pt.

Overfull \hbox (4.44572pt too wide) in paragraph at lines 1918--1919
[]\T1/lmr/m/n/10 (100.0%)|  
 []

<temp/ds3085.png, id=380, 73.27374pt x 42.1575pt>
File: temp/ds3085.png Graphic file (type png)
<use temp/ds3085.png>
Package pdftex.def Info: temp/ds3085.png  used on input line 1932.
(pdftex.def)             Requested size: 72.03584pt x 41.44527pt.

Overfull \hbox (4.44572pt too wide) in paragraph at lines 1935--1936
[]\T1/lmr/m/n/10 (100.0%)|  
 []

<temp/ds3086.png, id=381, 80.3pt x 42.1575pt>
File: temp/ds3086.png Graphic file (type png)
<use temp/ds3086.png>
Package pdftex.def Info: temp/ds3086.png  used on input line 1949.
(pdftex.def)             Requested size: 72.03773pt x 37.8198pt.

Overfull \hbox (4.44572pt too wide) in paragraph at lines 1952--1953
[]\T1/lmr/m/n/10 (100.0%)|  
 []

<temp/ds3087.png, id=382, 75.28125pt x 42.1575pt>
File: temp/ds3087.png Graphic file (type png)
<use temp/ds3087.png>
Package pdftex.def Info: temp/ds3087.png  used on input line 1966.
(pdftex.def)             Requested size: 72.04286pt x 40.344pt.

Overfull \hbox (4.44572pt too wide) in paragraph at lines 1969--1970
[]\T1/lmr/m/n/10 (100.0%)|  
 []

<temp/ds3088.png, id=383, 91.34125pt x 42.1575pt>
File: temp/ds3088.png Graphic file (type png)
<use temp/ds3088.png>
Package pdftex.def Info: temp/ds3088.png  used on input line 1984.
(pdftex.def)             Requested size: 72.03893pt x 33.24872pt.

Overfull \hbox (8.54657pt too wide) in paragraph at lines 1993--1993
[]\T1/lmr/m/n/10 time_elapsed  
 []

<temp/ds3089.png, id=384, 117.43875pt x 85.31876pt>
File: temp/ds3089.png Graphic file (type png)
<use temp/ds3089.png>
Package pdftex.def Info: temp/ds3089.png  used on input line 2000.
(pdftex.def)             Requested size: 72.03534pt x 52.33336pt.

Overfull \hbox (4.65514pt too wide) in paragraph at lines 2021--2021
\T1/lmr/m/n/10 ter_slider+pan_zoom+to  
 []

<temp/ds3090.png, id=385, 114.4275pt x 202.7575pt>
File: temp/ds3090.png Graphic file (type png)
<use temp/ds3090.png>
Package pdftex.def Info: temp/ds3090.png  used on input line 2035.
(pdftex.def)             Requested size: 72.03906pt x 127.64818pt.

Overfull \hbox (4.44572pt too wide) in paragraph at lines 2038--2039
[]\T1/lmr/m/n/10 (100.0%)|  
 []

<temp/ds3091.png, id=386, 88.33pt x 42.1575pt>
File: temp/ds3091.png Graphic file (type png)
<use temp/ds3091.png>
Package pdftex.def Info: temp/ds3091.png  used on input line 2052.
(pdftex.def)             Requested size: 72.03615pt x 34.38087pt.

Overfull \hbox (4.44572pt too wide) in paragraph at lines 2055--2056
[]\T1/lmr/m/n/10 (100.0%)|  
 []

<temp/ds3092.png, id=387, 52.195pt x 202.7575pt>
File: temp/ds3092.png Graphic file (type png)
<use temp/ds3092.png>
Package pdftex.def Info: temp/ds3092.png  used on input line 2087.
(pdftex.def)             Requested size: 52.19646pt x 202.76318pt.

Overfull \hbox (4.44572pt too wide) in paragraph at lines 2090--2091
[]\T1/lmr/m/n/10 (100.0%)|  
 []

<temp/ds3093.png, id=388, 90.3375pt x 42.1575pt>
File: temp/ds3093.png Graphic file (type png)
<use temp/ds3093.png>
Package pdftex.def Info: temp/ds3093.png  used on input line 2104.
(pdftex.def)             Requested size: 72.03575pt x 33.61667pt.

Overfull \hbox (4.44572pt too wide) in paragraph at lines 2107--2108
[]\T1/lmr/m/n/10 (100.0%)|  
 []


Overfull \hbox (4.04703pt too wide) in paragraph at lines 2113--2113
[]\T1/lmr/m/n/10 cell_content  
 []

<temp/ds3094.png, id=389, 106.3975pt x 202.7575pt>
File: temp/ds3094.png Graphic file (type png)
<use temp/ds3094.png>
Package pdftex.def Info: temp/ds3094.png  used on input line 2139.
(pdftex.def)             Requested size: 72.03925pt x 137.28235pt.

Overfull \hbox (4.44572pt too wide) in paragraph at lines 2142--2143
[]\T1/lmr/m/n/10 (100.0%)|  
 []

[29 <./temp/ds3083.png>] [30 <./temp/ds3084.png> <./temp/ds3085.png> <./temp/ds3086.png> <./temp/ds3087.png> <./temp/ds3088.png>] [31 <./temp/ds3089.png> <./temp/ds3090.png> <./temp/ds3091.png>] [32 <./temp/ds3092.png> <./temp/ds3093.png>] [33 <./temp/ds3094.png>]
<IXN_eda_files/figure-latex/unnamed-chunk-2-1.pdf, id=431, 469.755pt x 325.215pt>
File: IXN_eda_files/figure-latex/unnamed-chunk-2-1.pdf Graphic file (type pdf)
<use IXN_eda_files/figure-latex/unnamed-chunk-2-1.pdf>
Package pdftex.def Info: IXN_eda_files/figure-latex/unnamed-chunk-2-1.pdf  used on input line 2264.
(pdftex.def)             Requested size: 469.75386pt x 325.2142pt.
[34] [35 <./IXN_eda_files/figure-latex/unnamed-chunk-2-1.pdf>]
<IXN_eda_files/figure-latex/unnamed-chunk-3-1.pdf, id=450, 469.755pt x 325.215pt>
File: IXN_eda_files/figure-latex/unnamed-chunk-3-1.pdf Graphic file (type pdf)
<use IXN_eda_files/figure-latex/unnamed-chunk-3-1.pdf>
Package pdftex.def Info: IXN_eda_files/figure-latex/unnamed-chunk-3-1.pdf  used on input line 2325.
(pdftex.def)             Requested size: 469.75386pt x 325.2142pt.
[36 <./IXN_eda_files/figure-latex/unnamed-chunk-3-1.pdf>]
<IXN_eda_files/figure-latex/unnamed-chunk-4-1.pdf, id=461, 469.755pt x 325.215pt>
File: IXN_eda_files/figure-latex/unnamed-chunk-4-1.pdf Graphic file (type pdf)
<use IXN_eda_files/figure-latex/unnamed-chunk-4-1.pdf>
Package pdftex.def Info: IXN_eda_files/figure-latex/unnamed-chunk-4-1.pdf  used on input line 2346.
(pdftex.def)             Requested size: 469.75386pt x 325.2142pt.
<IXN_eda_files/figure-latex/unnamed-chunk-4-2.pdf, id=462, 469.755pt x 325.215pt>
File: IXN_eda_files/figure-latex/unnamed-chunk-4-2.pdf Graphic file (type pdf)
<use IXN_eda_files/figure-latex/unnamed-chunk-4-2.pdf>
Package pdftex.def Info: IXN_eda_files/figure-latex/unnamed-chunk-4-2.pdf  used on input line 2367.
(pdftex.def)             Requested size: 469.75386pt x 325.2142pt.
[37 <./IXN_eda_files/figure-latex/unnamed-chunk-4-1.pdf>] [38 <./IXN_eda_files/figure-latex/unnamed-chunk-4-2.pdf>]
<IXN_eda_files/figure-latex/unnamed-chunk-5-1.pdf, id=491, 469.755pt x 325.215pt>
File: IXN_eda_files/figure-latex/unnamed-chunk-5-1.pdf Graphic file (type pdf)
<use IXN_eda_files/figure-latex/unnamed-chunk-5-1.pdf>
Package pdftex.def Info: IXN_eda_files/figure-latex/unnamed-chunk-5-1.pdf  used on input line 2433.
(pdftex.def)             Requested size: 469.75386pt x 325.2142pt.
[39 <./IXN_eda_files/figure-latex/unnamed-chunk-5-1.pdf>]
<IXN_eda_files/figure-latex/unnamed-chunk-5-2.pdf, id=501, 469.755pt x 325.215pt>
File: IXN_eda_files/figure-latex/unnamed-chunk-5-2.pdf Graphic file (type pdf)
<use IXN_eda_files/figure-latex/unnamed-chunk-5-2.pdf>
Package pdftex.def Info: IXN_eda_files/figure-latex/unnamed-chunk-5-2.pdf  used on input line 2455.
(pdftex.def)             Requested size: 469.75386pt x 325.2142pt.
[40 <./IXN_eda_files/figure-latex/unnamed-chunk-5-2.pdf>]
<IXN_eda_files/figure-latex/unnamed-chunk-6-1.pdf, id=512, 469.755pt x 325.215pt>
File: IXN_eda_files/figure-latex/unnamed-chunk-6-1.pdf Graphic file (type pdf)
<use IXN_eda_files/figure-latex/unnamed-chunk-6-1.pdf>
Package pdftex.def Info: IXN_eda_files/figure-latex/unnamed-chunk-6-1.pdf  used on input line 2507.
(pdftex.def)             Requested size: 469.75386pt x 325.2142pt.
[41 <./IXN_eda_files/figure-latex/unnamed-chunk-6-1.pdf>]
<IXN_eda_files/figure-latex/unnamed-chunk-7-1.pdf, id=523, 469.755pt x 325.215pt>
File: IXN_eda_files/figure-latex/unnamed-chunk-7-1.pdf Graphic file (type pdf)
<use IXN_eda_files/figure-latex/unnamed-chunk-7-1.pdf>
Package pdftex.def Info: IXN_eda_files/figure-latex/unnamed-chunk-7-1.pdf  used on input line 2547.
(pdftex.def)             Requested size: 469.75386pt x 325.2142pt.
[42] [43 <./IXN_eda_files/figure-latex/unnamed-chunk-7-1.pdf>]
<IXN_eda_files/figure-latex/unnamed-chunk-8-1.pdf, id=542, 469.755pt x 325.215pt>
File: IXN_eda_files/figure-latex/unnamed-chunk-8-1.pdf Graphic file (type pdf)
<use IXN_eda_files/figure-latex/unnamed-chunk-8-1.pdf>
Package pdftex.def Info: IXN_eda_files/figure-latex/unnamed-chunk-8-1.pdf  used on input line 2635.
(pdftex.def)             Requested size: 469.75386pt x 325.2142pt.
[44] [45 <./IXN_eda_files/figure-latex/unnamed-chunk-8-1.pdf>]
<IXN_eda_files/figure-latex/unnamed-chunk-9-1.pdf, id=557, 469.755pt x 325.215pt>
File: IXN_eda_files/figure-latex/unnamed-chunk-9-1.pdf Graphic file (type pdf)
<use IXN_eda_files/figure-latex/unnamed-chunk-9-1.pdf>
Package pdftex.def Info: IXN_eda_files/figure-latex/unnamed-chunk-9-1.pdf  used on input line 2686.
(pdftex.def)             Requested size: 469.75386pt x 325.2142pt.
[46 <./IXN_eda_files/figure-latex/unnamed-chunk-9-1.pdf>]
<IXN_eda_files/figure-latex/unnamed-chunk-9-2.pdf, id=567, 469.755pt x 325.215pt>
File: IXN_eda_files/figure-latex/unnamed-chunk-9-2.pdf Graphic file (type pdf)
<use IXN_eda_files/figure-latex/unnamed-chunk-9-2.pdf>
Package pdftex.def Info: IXN_eda_files/figure-latex/unnamed-chunk-9-2.pdf  used on input line 2717.
(pdftex.def)             Requested size: 469.75386pt x 325.2142pt.
[47 <./IXN_eda_files/figure-latex/unnamed-chunk-9-2.pdf>]
<IXN_eda_files/figure-latex/unnamed-chunk-10-1.pdf, id=582, 469.755pt x 325.215pt>
File: IXN_eda_files/figure-latex/unnamed-chunk-10-1.pdf Graphic file (type pdf)
<use IXN_eda_files/figure-latex/unnamed-chunk-10-1.pdf>
Package pdftex.def Info: IXN_eda_files/figure-latex/unnamed-chunk-10-1.pdf  used on input line 2778.
(pdftex.def)             Requested size: 469.75386pt x 325.2142pt.

Overfull \hbox (120.69308pt too wide) in paragraph at lines 2778--2779
 []\T1/lmr/bx/n/10 PROCESS Ut-ter-ances[] [] 
 []

[48]
<IXN_eda_files/figure-latex/unnamed-chunk-10-2.pdf, id=589, 469.755pt x 325.215pt>
File: IXN_eda_files/figure-latex/unnamed-chunk-10-2.pdf Graphic file (type pdf)
<use IXN_eda_files/figure-latex/unnamed-chunk-10-2.pdf>
Package pdftex.def Info: IXN_eda_files/figure-latex/unnamed-chunk-10-2.pdf  used on input line 2795.
(pdftex.def)             Requested size: 469.75386pt x 325.2142pt.
[49 <./IXN_eda_files/figure-latex/unnamed-chunk-10-1.pdf>]
<IXN_eda_files/figure-latex/unnamed-chunk-10-3.pdf, id=600, 469.755pt x 325.215pt>
File: IXN_eda_files/figure-latex/unnamed-chunk-10-3.pdf Graphic file (type pdf)
<use IXN_eda_files/figure-latex/unnamed-chunk-10-3.pdf>
Package pdftex.def Info: IXN_eda_files/figure-latex/unnamed-chunk-10-3.pdf  used on input line 2814.
(pdftex.def)             Requested size: 469.75386pt x 325.2142pt.
[50 <./IXN_eda_files/figure-latex/unnamed-chunk-10-2.pdf>]
<IXN_eda_files/figure-latex/unnamed-chunk-10-4.pdf, id=610, 469.755pt x 325.215pt>
File: IXN_eda_files/figure-latex/unnamed-chunk-10-4.pdf Graphic file (type pdf)
<use IXN_eda_files/figure-latex/unnamed-chunk-10-4.pdf>
Package pdftex.def Info: IXN_eda_files/figure-latex/unnamed-chunk-10-4.pdf  used on input line 2831.
(pdftex.def)             Requested size: 469.75386pt x 325.2142pt.
[51 <./IXN_eda_files/figure-latex/unnamed-chunk-10-3.pdf>]
<IXN_eda_files/figure-latex/unnamed-chunk-10-5.pdf, id=624, 469.755pt x 325.215pt>
File: IXN_eda_files/figure-latex/unnamed-chunk-10-5.pdf Graphic file (type pdf)
<use IXN_eda_files/figure-latex/unnamed-chunk-10-5.pdf>
Package pdftex.def Info: IXN_eda_files/figure-latex/unnamed-chunk-10-5.pdf  used on input line 2854.
(pdftex.def)             Requested size: 469.75386pt x 325.2142pt.
[52 <./IXN_eda_files/figure-latex/unnamed-chunk-10-4.pdf>] [53 <./IXN_eda_files/figure-latex/unnamed-chunk-10-5.pdf>]
<IXN_eda_files/figure-latex/unnamed-chunk-11-1.pdf, id=644, 469.755pt x 325.215pt>
File: IXN_eda_files/figure-latex/unnamed-chunk-11-1.pdf Graphic file (type pdf)
<use IXN_eda_files/figure-latex/unnamed-chunk-11-1.pdf>
Package pdftex.def Info: IXN_eda_files/figure-latex/unnamed-chunk-11-1.pdf  used on input line 2898.
(pdftex.def)             Requested size: 469.75386pt x 325.2142pt.
[54 <./IXN_eda_files/figure-latex/unnamed-chunk-11-1.pdf>]
<IXN_eda_files/figure-latex/unnamed-chunk-11-2.pdf, id=654, 469.755pt x 325.215pt>
File: IXN_eda_files/figure-latex/unnamed-chunk-11-2.pdf Graphic file (type pdf)
<use IXN_eda_files/figure-latex/unnamed-chunk-11-2.pdf>
Package pdftex.def Info: IXN_eda_files/figure-latex/unnamed-chunk-11-2.pdf  used on input line 2929.
(pdftex.def)             Requested size: 469.75386pt x 325.2142pt.
<IXN_eda_files/figure-latex/unnamed-chunk-11-3.pdf, id=655, 469.755pt x 325.215pt>
File: IXN_eda_files/figure-latex/unnamed-chunk-11-3.pdf Graphic file (type pdf)
<use IXN_eda_files/figure-latex/unnamed-chunk-11-3.pdf>
Package pdftex.def Info: IXN_eda_files/figure-latex/unnamed-chunk-11-3.pdf  used on input line 2954.
(pdftex.def)             Requested size: 469.75386pt x 325.2142pt.
[55 <./IXN_eda_files/figure-latex/unnamed-chunk-11-2.pdf>] [56 <./IXN_eda_files/figure-latex/unnamed-chunk-11-3.pdf>]
<IXN_eda_files/figure-latex/unnamed-chunk-12-1.pdf, id=682, 469.755pt x 325.215pt>
File: IXN_eda_files/figure-latex/unnamed-chunk-12-1.pdf Graphic file (type pdf)
<use IXN_eda_files/figure-latex/unnamed-chunk-12-1.pdf>
Package pdftex.def Info: IXN_eda_files/figure-latex/unnamed-chunk-12-1.pdf  used on input line 3001.
(pdftex.def)             Requested size: 469.75386pt x 325.2142pt.

Overfull \hbox (121.16342pt too wide) in paragraph at lines 3001--3002
 []\T1/lmr/bx/n/10 DATASET Ut-ter-ances[] [] 
 []

<IXN_eda_files/figure-latex/unnamed-chunk-12-2.pdf, id=683, 469.755pt x 325.215pt>
File: IXN_eda_files/figure-latex/unnamed-chunk-12-2.pdf Graphic file (type pdf)
<use IXN_eda_files/figure-latex/unnamed-chunk-12-2.pdf>
Package pdftex.def Info: IXN_eda_files/figure-latex/unnamed-chunk-12-2.pdf  used on input line 3018.
(pdftex.def)             Requested size: 469.75386pt x 325.2142pt.
[57 <./IXN_eda_files/figure-latex/unnamed-chunk-12-1.pdf>]
<IXN_eda_files/figure-latex/unnamed-chunk-12-3.pdf, id=693, 469.755pt x 325.215pt>
File: IXN_eda_files/figure-latex/unnamed-chunk-12-3.pdf Graphic file (type pdf)
<use IXN_eda_files/figure-latex/unnamed-chunk-12-3.pdf>
Package pdftex.def Info: IXN_eda_files/figure-latex/unnamed-chunk-12-3.pdf  used on input line 3037.
(pdftex.def)             Requested size: 469.75386pt x 325.2142pt.
[58 <./IXN_eda_files/figure-latex/unnamed-chunk-12-2.pdf>]
<IXN_eda_files/figure-latex/unnamed-chunk-12-4.pdf, id=703, 469.755pt x 325.215pt>
File: IXN_eda_files/figure-latex/unnamed-chunk-12-4.pdf Graphic file (type pdf)
<use IXN_eda_files/figure-latex/unnamed-chunk-12-4.pdf>
Package pdftex.def Info: IXN_eda_files/figure-latex/unnamed-chunk-12-4.pdf  used on input line 3055.
(pdftex.def)             Requested size: 469.75386pt x 325.2142pt.
[59 <./IXN_eda_files/figure-latex/unnamed-chunk-12-3.pdf>]
<IXN_eda_files/figure-latex/unnamed-chunk-12-5.pdf, id=717, 469.755pt x 325.215pt>
File: IXN_eda_files/figure-latex/unnamed-chunk-12-5.pdf Graphic file (type pdf)
<use IXN_eda_files/figure-latex/unnamed-chunk-12-5.pdf>
Package pdftex.def Info: IXN_eda_files/figure-latex/unnamed-chunk-12-5.pdf  used on input line 3076.
(pdftex.def)             Requested size: 469.75386pt x 325.2142pt.
[60 <./IXN_eda_files/figure-latex/unnamed-chunk-12-4.pdf>]
<IXN_eda_files/figure-latex/unnamed-chunk-13-1.pdf, id=727, 469.755pt x 325.215pt>
File: IXN_eda_files/figure-latex/unnamed-chunk-13-1.pdf Graphic file (type pdf)
<use IXN_eda_files/figure-latex/unnamed-chunk-13-1.pdf>
Package pdftex.def Info: IXN_eda_files/figure-latex/unnamed-chunk-13-1.pdf  used on input line 3113.
(pdftex.def)             Requested size: 469.75386pt x 325.2142pt.
[61 <./IXN_eda_files/figure-latex/unnamed-chunk-12-5.pdf>]
<IXN_eda_files/figure-latex/unnamed-chunk-13-2.pdf, id=739, 469.755pt x 325.215pt>
File: IXN_eda_files/figure-latex/unnamed-chunk-13-2.pdf Graphic file (type pdf)
<use IXN_eda_files/figure-latex/unnamed-chunk-13-2.pdf>
Package pdftex.def Info: IXN_eda_files/figure-latex/unnamed-chunk-13-2.pdf  used on input line 3142.
(pdftex.def)             Requested size: 469.75386pt x 325.2142pt.
[62 <./IXN_eda_files/figure-latex/unnamed-chunk-13-1.pdf>]
<IXN_eda_files/figure-latex/unnamed-chunk-13-3.pdf, id=749, 469.755pt x 325.215pt>
File: IXN_eda_files/figure-latex/unnamed-chunk-13-3.pdf Graphic file (type pdf)
<use IXN_eda_files/figure-latex/unnamed-chunk-13-3.pdf>
Package pdftex.def Info: IXN_eda_files/figure-latex/unnamed-chunk-13-3.pdf  used on input line 3167.
(pdftex.def)             Requested size: 469.75386pt x 325.2142pt.
[63 <./IXN_eda_files/figure-latex/unnamed-chunk-13-2.pdf>] [64 <./IXN_eda_files/figure-latex/unnamed-chunk-13-3.pdf>]
<IXN_eda_files/figure-latex/unnamed-chunk-14-1.pdf, id=774, 469.755pt x 325.215pt>
File: IXN_eda_files/figure-latex/unnamed-chunk-14-1.pdf Graphic file (type pdf)
<use IXN_eda_files/figure-latex/unnamed-chunk-14-1.pdf>
Package pdftex.def Info: IXN_eda_files/figure-latex/unnamed-chunk-14-1.pdf  used on input line 3214.
(pdftex.def)             Requested size: 469.75386pt x 325.2142pt.

Overfull \hbox (127.6912pt too wide) in paragraph at lines 3214--3215
 []\T1/lmr/bx/n/10 VARIABLE Ut-ter-ances[] [] 
 []

<IXN_eda_files/figure-latex/unnamed-chunk-14-2.pdf, id=775, 469.755pt x 325.215pt>
File: IXN_eda_files/figure-latex/unnamed-chunk-14-2.pdf Graphic file (type pdf)
<use IXN_eda_files/figure-latex/unnamed-chunk-14-2.pdf>
Package pdftex.def Info: IXN_eda_files/figure-latex/unnamed-chunk-14-2.pdf  used on input line 3231.
(pdftex.def)             Requested size: 469.75386pt x 325.2142pt.
[65 <./IXN_eda_files/figure-latex/unnamed-chunk-14-1.pdf>]
<IXN_eda_files/figure-latex/unnamed-chunk-14-3.pdf, id=785, 469.755pt x 325.215pt>
File: IXN_eda_files/figure-latex/unnamed-chunk-14-3.pdf Graphic file (type pdf)
<use IXN_eda_files/figure-latex/unnamed-chunk-14-3.pdf>
Package pdftex.def Info: IXN_eda_files/figure-latex/unnamed-chunk-14-3.pdf  used on input line 3250.
(pdftex.def)             Requested size: 469.75386pt x 325.2142pt.
[66 <./IXN_eda_files/figure-latex/unnamed-chunk-14-2.pdf>]
<IXN_eda_files/figure-latex/unnamed-chunk-14-4.pdf, id=795, 469.755pt x 325.215pt>
File: IXN_eda_files/figure-latex/unnamed-chunk-14-4.pdf Graphic file (type pdf)
<use IXN_eda_files/figure-latex/unnamed-chunk-14-4.pdf>
Package pdftex.def Info: IXN_eda_files/figure-latex/unnamed-chunk-14-4.pdf  used on input line 3267.
(pdftex.def)             Requested size: 469.75386pt x 325.2142pt.
[67 <./IXN_eda_files/figure-latex/unnamed-chunk-14-3.pdf>]
<IXN_eda_files/figure-latex/unnamed-chunk-14-5.pdf, id=811, 469.755pt x 325.215pt>
File: IXN_eda_files/figure-latex/unnamed-chunk-14-5.pdf Graphic file (type pdf)
<use IXN_eda_files/figure-latex/unnamed-chunk-14-5.pdf>
Package pdftex.def Info: IXN_eda_files/figure-latex/unnamed-chunk-14-5.pdf  used on input line 3289.
(pdftex.def)             Requested size: 469.75386pt x 325.2142pt.
[68 <./IXN_eda_files/figure-latex/unnamed-chunk-14-4.pdf>]
<IXN_eda_files/figure-latex/unnamed-chunk-15-1.pdf, id=821, 469.755pt x 325.215pt>
File: IXN_eda_files/figure-latex/unnamed-chunk-15-1.pdf Graphic file (type pdf)
<use IXN_eda_files/figure-latex/unnamed-chunk-15-1.pdf>
Package pdftex.def Info: IXN_eda_files/figure-latex/unnamed-chunk-15-1.pdf  used on input line 3325.
(pdftex.def)             Requested size: 469.75386pt x 325.2142pt.
[69 <./IXN_eda_files/figure-latex/unnamed-chunk-14-5.pdf>]
<IXN_eda_files/figure-latex/unnamed-chunk-15-2.pdf, id=832, 469.755pt x 325.215pt>
File: IXN_eda_files/figure-latex/unnamed-chunk-15-2.pdf Graphic file (type pdf)
<use IXN_eda_files/figure-latex/unnamed-chunk-15-2.pdf>
Package pdftex.def Info: IXN_eda_files/figure-latex/unnamed-chunk-15-2.pdf  used on input line 3353.
(pdftex.def)             Requested size: 469.75386pt x 325.2142pt.
[70 <./IXN_eda_files/figure-latex/unnamed-chunk-15-1.pdf>]
<IXN_eda_files/figure-latex/unnamed-chunk-15-3.pdf, id=842, 469.755pt x 325.215pt>
File: IXN_eda_files/figure-latex/unnamed-chunk-15-3.pdf Graphic file (type pdf)
<use IXN_eda_files/figure-latex/unnamed-chunk-15-3.pdf>
Package pdftex.def Info: IXN_eda_files/figure-latex/unnamed-chunk-15-3.pdf  used on input line 3376.
(pdftex.def)             Requested size: 469.75386pt x 325.2142pt.
[71 <./IXN_eda_files/figure-latex/unnamed-chunk-15-2.pdf>] [72 <./IXN_eda_files/figure-latex/unnamed-chunk-15-3.pdf>]
<IXN_eda_files/figure-latex/unnamed-chunk-16-1.pdf, id=867, 469.755pt x 325.215pt>
File: IXN_eda_files/figure-latex/unnamed-chunk-16-1.pdf Graphic file (type pdf)
<use IXN_eda_files/figure-latex/unnamed-chunk-16-1.pdf>
Package pdftex.def Info: IXN_eda_files/figure-latex/unnamed-chunk-16-1.pdf  used on input line 3429.
(pdftex.def)             Requested size: 469.75386pt x 325.2142pt.

Overfull \hbox (155.69214pt too wide) in paragraph at lines 3429--3430
 []\T1/lmr/bx/n/10 RELATIONSHIP Ut-ter-ances[] [] 
 []

[73 <./IXN_eda_files/figure-latex/unnamed-chunk-16-1.pdf>]
<IXN_eda_files/figure-latex/unnamed-chunk-16-2.pdf, id=878, 469.755pt x 325.215pt>
File: IXN_eda_files/figure-latex/unnamed-chunk-16-2.pdf Graphic file (type pdf)
<use IXN_eda_files/figure-latex/unnamed-chunk-16-2.pdf>
Package pdftex.def Info: IXN_eda_files/figure-latex/unnamed-chunk-16-2.pdf  used on input line 3452.
(pdftex.def)             Requested size: 469.75386pt x 325.2142pt.
[74 <./IXN_eda_files/figure-latex/unnamed-chunk-16-2.pdf>]
<IXN_eda_files/figure-latex/unnamed-chunk-16-3.pdf, id=888, 469.755pt x 325.215pt>
File: IXN_eda_files/figure-latex/unnamed-chunk-16-3.pdf Graphic file (type pdf)
<use IXN_eda_files/figure-latex/unnamed-chunk-16-3.pdf>
Package pdftex.def Info: IXN_eda_files/figure-latex/unnamed-chunk-16-3.pdf  used on input line 3477.
(pdftex.def)             Requested size: 469.75386pt x 325.2142pt.
<IXN_eda_files/figure-latex/unnamed-chunk-16-4.pdf, id=889, 469.755pt x 325.215pt>
File: IXN_eda_files/figure-latex/unnamed-chunk-16-4.pdf Graphic file (type pdf)
<use IXN_eda_files/figure-latex/unnamed-chunk-16-4.pdf>
Package pdftex.def Info: IXN_eda_files/figure-latex/unnamed-chunk-16-4.pdf  used on input line 3500.
(pdftex.def)             Requested size: 469.75386pt x 325.2142pt.
[75 <./IXN_eda_files/figure-latex/unnamed-chunk-16-3.pdf>]
<IXN_eda_files/figure-latex/unnamed-chunk-16-5.pdf, id=903, 469.755pt x 325.215pt>
File: IXN_eda_files/figure-latex/unnamed-chunk-16-5.pdf Graphic file (type pdf)
<use IXN_eda_files/figure-latex/unnamed-chunk-16-5.pdf>
Package pdftex.def Info: IXN_eda_files/figure-latex/unnamed-chunk-16-5.pdf  used on input line 3527.
(pdftex.def)             Requested size: 469.75386pt x 325.2142pt.
[76 <./IXN_eda_files/figure-latex/unnamed-chunk-16-4.pdf>] [77 <./IXN_eda_files/figure-latex/unnamed-chunk-16-5.pdf>]
<IXN_eda_files/figure-latex/unnamed-chunk-17-1.pdf, id=923, 469.755pt x 325.215pt>
File: IXN_eda_files/figure-latex/unnamed-chunk-17-1.pdf Graphic file (type pdf)
<use IXN_eda_files/figure-latex/unnamed-chunk-17-1.pdf>
Package pdftex.def Info: IXN_eda_files/figure-latex/unnamed-chunk-17-1.pdf  used on input line 3569.
(pdftex.def)             Requested size: 469.75386pt x 325.2142pt.
[78 <./IXN_eda_files/figure-latex/unnamed-chunk-17-1.pdf>]
<IXN_eda_files/figure-latex/unnamed-chunk-17-2.pdf, id=933, 469.755pt x 325.215pt>
File: IXN_eda_files/figure-latex/unnamed-chunk-17-2.pdf Graphic file (type pdf)
<use IXN_eda_files/figure-latex/unnamed-chunk-17-2.pdf>
Package pdftex.def Info: IXN_eda_files/figure-latex/unnamed-chunk-17-2.pdf  used on input line 3604.
(pdftex.def)             Requested size: 469.75386pt x 325.2142pt.
<IXN_eda_files/figure-latex/unnamed-chunk-17-3.pdf, id=934, 469.755pt x 325.215pt>
File: IXN_eda_files/figure-latex/unnamed-chunk-17-3.pdf Graphic file (type pdf)
<use IXN_eda_files/figure-latex/unnamed-chunk-17-3.pdf>
Package pdftex.def Info: IXN_eda_files/figure-latex/unnamed-chunk-17-3.pdf  used on input line 3628.
(pdftex.def)             Requested size: 469.75386pt x 325.2142pt.
[79 <./IXN_eda_files/figure-latex/unnamed-chunk-17-2.pdf>] [80 <./IXN_eda_files/figure-latex/unnamed-chunk-17-3.pdf>]
<IXN_eda_files/figure-latex/unnamed-chunk-18-1.pdf, id=962, 469.755pt x 325.215pt>
File: IXN_eda_files/figure-latex/unnamed-chunk-18-1.pdf Graphic file (type pdf)
<use IXN_eda_files/figure-latex/unnamed-chunk-18-1.pdf>
Package pdftex.def Info: IXN_eda_files/figure-latex/unnamed-chunk-18-1.pdf  used on input line 3679.
(pdftex.def)             Requested size: 469.75386pt x 325.2142pt.
[81 <./IXN_eda_files/figure-latex/unnamed-chunk-18-1.pdf>]
<IXN_eda_files/figure-latex/unnamed-chunk-19-1.pdf, id=973, 469.755pt x 325.215pt>
File: IXN_eda_files/figure-latex/unnamed-chunk-19-1.pdf Graphic file (type pdf)
<use IXN_eda_files/figure-latex/unnamed-chunk-19-1.pdf>
Package pdftex.def Info: IXN_eda_files/figure-latex/unnamed-chunk-19-1.pdf  used on input line 3741.
(pdftex.def)             Requested size: 469.75386pt x 325.2142pt.
[82]
<IXN_eda_files/figure-latex/unnamed-chunk-20-1.pdf, id=979, 469.755pt x 325.215pt>
File: IXN_eda_files/figure-latex/unnamed-chunk-20-1.pdf Graphic file (type pdf)
<use IXN_eda_files/figure-latex/unnamed-chunk-20-1.pdf>
Package pdftex.def Info: IXN_eda_files/figure-latex/unnamed-chunk-20-1.pdf  used on input line 3769.
(pdftex.def)             Requested size: 469.75386pt x 325.2142pt.
[83 <./IXN_eda_files/figure-latex/unnamed-chunk-19-1.pdf>]
<IXN_eda_files/figure-latex/unnamed-chunk-20-2.pdf, id=990, 469.755pt x 325.215pt>
File: IXN_eda_files/figure-latex/unnamed-chunk-20-2.pdf Graphic file (type pdf)
<use IXN_eda_files/figure-latex/unnamed-chunk-20-2.pdf>
Package pdftex.def Info: IXN_eda_files/figure-latex/unnamed-chunk-20-2.pdf  used on input line 3799.
(pdftex.def)             Requested size: 469.75386pt x 325.2142pt.
[84 <./IXN_eda_files/figure-latex/unnamed-chunk-20-1.pdf>]
<IXN_eda_files/figure-latex/unnamed-chunk-21-1.pdf, id=1000, 469.755pt x 325.215pt>
File: IXN_eda_files/figure-latex/unnamed-chunk-21-1.pdf Graphic file (type pdf)
<use IXN_eda_files/figure-latex/unnamed-chunk-21-1.pdf>
Package pdftex.def Info: IXN_eda_files/figure-latex/unnamed-chunk-21-1.pdf  used on input line 3837.
(pdftex.def)             Requested size: 469.75386pt x 325.2142pt.
[85 <./IXN_eda_files/figure-latex/unnamed-chunk-20-2.pdf>]
<IXN_eda_files/figure-latex/unnamed-chunk-22-1.pdf, id=1016, 469.755pt x 325.215pt>
File: IXN_eda_files/figure-latex/unnamed-chunk-22-1.pdf Graphic file (type pdf)
<use IXN_eda_files/figure-latex/unnamed-chunk-22-1.pdf>
Package pdftex.def Info: IXN_eda_files/figure-latex/unnamed-chunk-22-1.pdf  used on input line 3865.
(pdftex.def)             Requested size: 469.75386pt x 325.2142pt.
[86 <./IXN_eda_files/figure-latex/unnamed-chunk-21-1.pdf>]
<IXN_eda_files/figure-latex/unnamed-chunk-23-1.pdf, id=1030, 469.755pt x 325.215pt>
File: IXN_eda_files/figure-latex/unnamed-chunk-23-1.pdf Graphic file (type pdf)
<use IXN_eda_files/figure-latex/unnamed-chunk-23-1.pdf>
Package pdftex.def Info: IXN_eda_files/figure-latex/unnamed-chunk-23-1.pdf  used on input line 3899.
(pdftex.def)             Requested size: 469.75386pt x 325.2142pt.
[87 <./IXN_eda_files/figure-latex/unnamed-chunk-22-1.pdf>] [88 <./IXN_eda_files/figure-latex/unnamed-chunk-23-1.pdf>] [89]
<IXN_eda_files/figure-latex/unnamed-chunk-25-1.pdf, id=1065, 469.755pt x 325.215pt>
File: IXN_eda_files/figure-latex/unnamed-chunk-25-1.pdf Graphic file (type pdf)
<use IXN_eda_files/figure-latex/unnamed-chunk-25-1.pdf>
Package pdftex.def Info: IXN_eda_files/figure-latex/unnamed-chunk-25-1.pdf  used on input line 4040.
(pdftex.def)             Requested size: 469.75386pt x 325.2142pt.
[90 <./IXN_eda_files/figure-latex/unnamed-chunk-25-1.pdf>]
<IXN_eda_files/figure-latex/unnamed-chunk-26-1.pdf, id=1076, 469.755pt x 325.215pt>
File: IXN_eda_files/figure-latex/unnamed-chunk-26-1.pdf Graphic file (type pdf)
<use IXN_eda_files/figure-latex/unnamed-chunk-26-1.pdf>
Package pdftex.def Info: IXN_eda_files/figure-latex/unnamed-chunk-26-1.pdf  used on input line 4101.
(pdftex.def)             Requested size: 469.75386pt x 325.2142pt.
[91] [92 <./IXN_eda_files/figure-latex/unnamed-chunk-26-1.pdf>]
<IXN_eda_files/figure-latex/unnamed-chunk-28-1.pdf, id=1093, 469.755pt x 325.215pt>
File: IXN_eda_files/figure-latex/unnamed-chunk-28-1.pdf Graphic file (type pdf)
<use IXN_eda_files/figure-latex/unnamed-chunk-28-1.pdf>
Package pdftex.def Info: IXN_eda_files/figure-latex/unnamed-chunk-28-1.pdf  used on input line 4165.
(pdftex.def)             Requested size: 469.75386pt x 325.2142pt.
[93] [94 <./IXN_eda_files/figure-latex/unnamed-chunk-28-1.pdf>]
<IXN_eda_files/figure-latex/unnamed-chunk-29-1.pdf, id=1111, 469.755pt x 325.215pt>
File: IXN_eda_files/figure-latex/unnamed-chunk-29-1.pdf Graphic file (type pdf)
<use IXN_eda_files/figure-latex/unnamed-chunk-29-1.pdf>
Package pdftex.def Info: IXN_eda_files/figure-latex/unnamed-chunk-29-1.pdf  used on input line 4236.
(pdftex.def)             Requested size: 469.75386pt x 325.2142pt.
[95] [96 <./IXN_eda_files/figure-latex/unnamed-chunk-29-1.pdf>] [97]
<IXN_eda_files/figure-latex/unnamed-chunk-30-1.pdf, id=1132, 469.755pt x 325.215pt>
File: IXN_eda_files/figure-latex/unnamed-chunk-30-1.pdf Graphic file (type pdf)
<use IXN_eda_files/figure-latex/unnamed-chunk-30-1.pdf>
Package pdftex.def Info: IXN_eda_files/figure-latex/unnamed-chunk-30-1.pdf  used on input line 4349.
(pdftex.def)             Requested size: 469.75386pt x 325.2142pt.
[98 <./IXN_eda_files/figure-latex/unnamed-chunk-30-1.pdf>]
<IXN_eda_files/figure-latex/unnamed-chunk-31-1.pdf, id=1142, 469.755pt x 325.215pt>
File: IXN_eda_files/figure-latex/unnamed-chunk-31-1.pdf Graphic file (type pdf)
<use IXN_eda_files/figure-latex/unnamed-chunk-31-1.pdf>
Package pdftex.def Info: IXN_eda_files/figure-latex/unnamed-chunk-31-1.pdf  used on input line 4420.
(pdftex.def)             Requested size: 469.75386pt x 325.2142pt.
[99] [100 <./IXN_eda_files/figure-latex/unnamed-chunk-31-1.pdf>]
LaTeX Font Info:    Trying to load font information for TS1+lmr on input line 4502.
(/Users/amyraefox/Library/TinyTeX/texmf-dist/tex/latex/lm/ts1lmr.fd
File: ts1lmr.fd 2015/05/01 v1.6.1 Font defs for Latin Modern
)

LaTeX Warning: `!h' float specifier changed to `!ht'.

[101] [102]
<IXN_eda_files/figure-latex/OLS-MIXED-EFFECTS-MODELS-1.pdf, id=1169, 469.755pt x 325.215pt>
File: IXN_eda_files/figure-latex/OLS-MIXED-EFFECTS-MODELS-1.pdf Graphic file (type pdf)
<use IXN_eda_files/figure-latex/OLS-MIXED-EFFECTS-MODELS-1.pdf>
Package pdftex.def Info: IXN_eda_files/figure-latex/OLS-MIXED-EFFECTS-MODELS-1.pdf  used on input line 4636.
(pdftex.def)             Requested size: 469.75386pt x 325.2142pt.
<IXN_eda_files/figure-latex/OLS-MIXED-EFFECTS-MODELS-2.pdf, id=1170, 469.755pt x 325.215pt>
File: IXN_eda_files/figure-latex/OLS-MIXED-EFFECTS-MODELS-2.pdf Graphic file (type pdf)
<use IXN_eda_files/figure-latex/OLS-MIXED-EFFECTS-MODELS-2.pdf>
Package pdftex.def Info: IXN_eda_files/figure-latex/OLS-MIXED-EFFECTS-MODELS-2.pdf  used on input line 4644.
(pdftex.def)             Requested size: 469.75386pt x 325.2142pt.
[103 <./IXN_eda_files/figure-latex/OLS-MIXED-EFFECTS-MODELS-1.pdf>]

LaTeX Warning: `!h' float specifier changed to `!ht'.


LaTeX Warning: `!h' float specifier changed to `!ht'.


LaTeX Warning: `!h' float specifier changed to `!ht'.

[104 <./IXN_eda_files/figure-latex/OLS-MIXED-EFFECTS-MODELS-2.pdf>] [105]
<IXN_eda_files/figure-latex/OLS-MIXED-EFFECTS-MODELS-3.pdf, id=1202, 469.755pt x 325.215pt>
File: IXN_eda_files/figure-latex/OLS-MIXED-EFFECTS-MODELS-3.pdf Graphic file (type pdf)
<use IXN_eda_files/figure-latex/OLS-MIXED-EFFECTS-MODELS-3.pdf>
Package pdftex.def Info: IXN_eda_files/figure-latex/OLS-MIXED-EFFECTS-MODELS-3.pdf  used on input line 4829.
(pdftex.def)             Requested size: 469.75386pt x 325.2142pt.
[106 <./IXN_eda_files/figure-latex/OLS-MIXED-EFFECTS-MODELS-3.pdf>]
<IXN_eda_files/figure-latex/OLS-MIXED-EFFECTS-MODELS-4.pdf, id=1212, 469.755pt x 325.215pt>
File: IXN_eda_files/figure-latex/OLS-MIXED-EFFECTS-MODELS-4.pdf Graphic file (type pdf)
<use IXN_eda_files/figure-latex/OLS-MIXED-EFFECTS-MODELS-4.pdf>
Package pdftex.def Info: IXN_eda_files/figure-latex/OLS-MIXED-EFFECTS-MODELS-4.pdf  used on input line 4837.
(pdftex.def)             Requested size: 469.75386pt x 325.2142pt.
[107 <./IXN_eda_files/figure-latex/OLS-MIXED-EFFECTS-MODELS-4.pdf>] [108] [109] [110] (./IXN_eda.aux) ) 
Here is how much of TeX's memory you used:
 14791 strings out of 477984
 249852 string characters out of 5838233
 1937388 words of memory out of 5000000
 34326 multiletter control sequences out of 15000+600000
 571150 words of font info for 80 fonts, out of 8000000 for 9000
 14 hyphenation exceptions out of 8191
 89i,11n,90p,523b,582s stack positions out of 10000i,1000n,20000p,200000b,200000s
{/Users/amyraefox/Library/TinyTeX/texmf-dist/fonts/enc/dvips/lm/lm-ts1.enc}{/Users/amyraefox/Library/TinyTeX/texmf-dist/fonts/enc/dvips/lm/lm-ec.enc}</Users/amyraefox/Library/TinyTeX/texmf-dist/fonts/type1/public/lm/lmbx10.pfb></Users/amyraefox/Library/TinyTeX/texmf-dist/fonts/type1/public/lm/lmbx12.pfb></Users/amyraefox/Library/TinyTeX/texmf-dist/fonts/type1/public/lm/lmbxi10.pfb></Users/amyraefox/Library/TinyTeX/texmf-dist/fonts/type1/public/lm/lmr10.pfb></Users/amyraefox/Library/TinyTeX/texmf-dist/fonts/type1/public/lm/lmr12.pfb></Users/amyraefox/Library/TinyTeX/texmf-dist/fonts/type1/public/lm/lmr17.pfb></Users/amyraefox/Library/TinyTeX/texmf-dist/fonts/type1/public/lm/lmri10.pfb></Users/amyraefox/Library/TinyTeX/texmf-dist/fonts/type1/public/lm/lmtko10.pfb></Users/amyraefox/Library/TinyTeX/texmf-dist/fonts/type1/public/lm/lmtt10.pfb></Users/amyraefox/Library/TinyTeX/texmf-dist/fonts/type1/public/lm/lmtti10.pfb>
Output written on IXN_eda.pdf (110 pages, 1142716 bytes).
PDF statistics:
 1528 PDF objects out of 1728 (max. 8388607)
 1140 compressed objects within 12 object streams
 266 named destinations out of 1000 (max. 500000)
 1062 words of extra memory for PDF output out of 10000 (max. 10000000)

